<?xml version="1.0" encoding="UTF-8"?>
<coverage generated="1618392812241" clover="3.2.0">
  <project timestamp="1618392812241" name="All files">
    <metrics statements="362" coveredstatements="318" conditionals="774" coveredconditionals="547" methods="103" coveredmethods="94" elements="1239" coveredelements="959" complexity="0" loc="362" ncloc="362" packages="7" files="24" classes="24"/>
    <package name="components.BlockText">
      <metrics statements="15" coveredstatements="14" conditionals="20" coveredconditionals="13" methods="7" coveredmethods="7"/>
      <file name="BlockText.js" path="/Users/paque/Desktop/works/web-components-common/src/components/BlockText/BlockText.js">
        <metrics statements="13" coveredstatements="12" conditionals="8" coveredconditionals="7" methods="4" coveredmethods="4"/>
        <line num="8" count="1" type="stmt"/>
        <line num="9" count="17" type="cond" truecount="2" falsecount="0"/>
        <line num="10" count="16" type="cond" truecount="3" falsecount="1"/>
        <line num="12" count="7" type="stmt"/>
        <line num="15" count="5" type="stmt"/>
        <line num="18" count="4" type="stmt"/>
        <line num="21" count="0" type="stmt"/>
        <line num="25" count="1" type="stmt"/>
        <line num="26" count="8" type="stmt"/>
        <line num="28" count="11" type="cond" truecount="2" falsecount="0"/>
        <line num="29" count="6" type="stmt"/>
        <line num="34" count="1" type="stmt"/>
        <line num="36" count="1" type="stmt"/>
      </file>
      <file name="styled.js" path="/Users/paque/Desktop/works/web-components-common/src/components/BlockText/styled.js">
        <metrics statements="2" coveredstatements="2" conditionals="12" coveredconditionals="6" methods="3" coveredmethods="3"/>
        <line num="5" count="8" type="stmt"/>
        <line num="20" count="8" type="stmt"/>
      </file>
    </package>
    <package name="components.ButtonScrollTop">
      <metrics statements="33" coveredstatements="32" conditionals="22" coveredconditionals="16" methods="8" coveredmethods="8"/>
      <file name="ButtonScrollTop.js" path="/Users/paque/Desktop/works/web-components-common/src/components/ButtonScrollTop/ButtonScrollTop.js">
        <metrics statements="31" coveredstatements="30" conditionals="22" coveredconditionals="16" methods="8" coveredmethods="8"/>
        <line num="9" count="1" type="stmt"/>
        <line num="11" count="1" type="stmt"/>
        <line num="12" count="10" type="stmt"/>
        <line num="14" count="10" type="stmt"/>
        <line num="15" count="10" type="cond" truecount="1" falsecount="1"/>
        <line num="16" count="10" type="stmt"/>
        <line num="19" count="10" type="stmt"/>
        <line num="20" count="10" type="cond" truecount="1" falsecount="1"/>
        <line num="21" count="10" type="stmt"/>
        <line num="26" count="10" type="stmt"/>
        <line num="27" count="3" type="stmt"/>
        <line num="28" count="3" type="stmt"/>
        <line num="32" count="10" type="stmt"/>
        <line num="33" count="1" type="cond" truecount="1" falsecount="1"/>
        <line num="34" count="1" type="stmt"/>
        <line num="35" count="1" type="stmt"/>
        <line num="39" count="10" type="stmt"/>
        <line num="40" count="4" type="cond" truecount="1" falsecount="1"/>
        <line num="41" count="4" type="stmt"/>
        <line num="43" count="0" type="stmt"/>
        <line num="47" count="10" type="stmt"/>
        <line num="48" count="10" type="stmt"/>
        <line num="49" count="10" type="stmt"/>
        <line num="50" count="10" type="cond" truecount="2" falsecount="0"/>
        <line num="51" count="10" type="cond" truecount="3" falsecount="1"/>
        <line num="52" count="10" type="cond" truecount="2" falsecount="0"/>
        <line num="53" count="9" type="stmt"/>
        <line num="60" count="10" type="stmt"/>
        <line num="64" count="1" type="stmt"/>
        <line num="143" count="1" type="stmt"/>
        <line num="145" count="1" type="stmt"/>
      </file>
      <file name="styled.js" path="/Users/paque/Desktop/works/web-components-common/src/components/ButtonScrollTop/styled.js">
        <metrics statements="2" coveredstatements="2" conditionals="0" coveredconditionals="0" methods="0" coveredmethods="0"/>
        <line num="4" count="1" type="stmt"/>
        <line num="29" count="1" type="stmt"/>
      </file>
    </package>
    <package name="components.Card">
      <metrics statements="18" coveredstatements="17" conditionals="22" coveredconditionals="12" methods="7" coveredmethods="6"/>
      <file name="Card.js" path="/Users/paque/Desktop/works/web-components-common/src/components/Card/Card.js">
        <metrics statements="16" coveredstatements="15" conditionals="12" coveredconditionals="9" methods="4" coveredmethods="4"/>
        <line num="12" count="1" type="stmt"/>
        <line num="13" count="24" type="cond" truecount="1" falsecount="1"/>
        <line num="14" count="24" type="cond" truecount="5" falsecount="1"/>
        <line num="16" count="7" type="stmt"/>
        <line num="19" count="5" type="stmt"/>
        <line num="22" count="4" type="stmt"/>
        <line num="25" count="4" type="stmt"/>
        <line num="29" count="4" type="stmt"/>
        <line num="31" count="0" type="stmt"/>
        <line num="35" count="1" type="stmt"/>
        <line num="36" count="7" type="cond" truecount="1" falsecount="1"/>
        <line num="38" count="7" type="stmt"/>
        <line num="41" count="14" type="cond" truecount="2" falsecount="0"/>
        <line num="42" count="10" type="stmt"/>
        <line num="48" count="1" type="stmt"/>
        <line num="50" count="1" type="stmt"/>
      </file>
      <file name="styled.js" path="/Users/paque/Desktop/works/web-components-common/src/components/Card/styled.js">
        <metrics statements="2" coveredstatements="2" conditionals="10" coveredconditionals="3" methods="3" coveredmethods="2"/>
        <line num="7" count="7" type="stmt"/>
        <line num="12" count="7" type="cond" truecount="1" falsecount="1"/>
      </file>
    </package>
    <package name="functional">
      <metrics statements="53" coveredstatements="52" conditionals="126" coveredconditionals="122" methods="11" coveredmethods="11"/>
      <file name="CTA.js" path="/Users/paque/Desktop/works/web-components-common/src/functional/CTA.js">
        <metrics statements="8" coveredstatements="8" conditionals="29" coveredconditionals="29" methods="2" coveredmethods="2"/>
        <line num="7" count="2" type="cond" truecount="1" falsecount="0"/>
        <line num="8" count="20" type="cond" truecount="4" falsecount="0"/>
        <line num="9" count="20" type="cond" truecount="4" falsecount="0"/>
        <line num="11" count="20" type="cond" truecount="4" falsecount="0"/>
        <line num="13" count="20" type="cond" truecount="4" falsecount="0"/>
        <line num="14" count="18" type="stmt"/>
        <line num="22" count="2" type="cond" truecount="2" falsecount="0"/>
        <line num="34" count="2" type="stmt"/>
      </file>
      <file name="CTACustomLink.js" path="/Users/paque/Desktop/works/web-components-common/src/functional/CTACustomLink.js">
        <metrics statements="7" coveredstatements="7" conditionals="34" coveredconditionals="34" methods="2" coveredmethods="2"/>
        <line num="7" count="1" type="stmt"/>
        <line num="8" count="16" type="cond" truecount="4" falsecount="0"/>
        <line num="9" count="16" type="cond" truecount="4" falsecount="0"/>
        <line num="11" count="16" type="cond" truecount="4" falsecount="0"/>
        <line num="12" count="14" type="stmt"/>
        <line num="20" count="2" type="cond" truecount="4" falsecount="0"/>
        <line num="32" count="1" type="stmt"/>
      </file>
      <file name="Content.js" path="/Users/paque/Desktop/works/web-components-common/src/functional/Content.js">
        <metrics statements="5" coveredstatements="5" conditionals="4" coveredconditionals="4" methods="1" coveredmethods="1"/>
        <line num="7" count="3" type="stmt"/>
        <line num="8" count="12" type="cond" truecount="2" falsecount="0"/>
        <line num="9" count="12" type="cond" truecount="2" falsecount="0"/>
        <line num="10" count="10" type="stmt"/>
        <line num="15" count="3" type="stmt"/>
      </file>
      <file name="ContentMarkdownRemark.js" path="/Users/paque/Desktop/works/web-components-common/src/functional/ContentMarkdownRemark.js">
        <metrics statements="5" coveredstatements="5" conditionals="6" coveredconditionals="6" methods="1" coveredmethods="1"/>
        <line num="7" count="1" type="stmt"/>
        <line num="8" count="3" type="cond" truecount="4" falsecount="0"/>
        <line num="9" count="3" type="cond" truecount="2" falsecount="0"/>
        <line num="10" count="2" type="stmt"/>
        <line num="15" count="1" type="stmt"/>
      </file>
      <file name="Image.js" path="/Users/paque/Desktop/works/web-components-common/src/functional/Image.js">
        <metrics statements="8" coveredstatements="8" conditionals="10" coveredconditionals="10" methods="1" coveredmethods="1"/>
        <line num="8" count="2" type="stmt"/>
        <line num="9" count="11" type="stmt"/>
        <line num="10" count="11" type="stmt"/>
        <line num="11" count="11" type="cond" truecount="2" falsecount="0"/>
        <line num="12" count="11" type="cond" truecount="4" falsecount="0"/>
        <line num="14" count="11" type="cond" truecount="2" falsecount="0"/>
        <line num="15" count="10" type="stmt"/>
        <line num="22" count="2" type="stmt"/>
      </file>
      <file name="ImageClickable.js" path="/Users/paque/Desktop/works/web-components-common/src/functional/ImageClickable.js">
        <metrics statements="11" coveredstatements="10" conditionals="37" coveredconditionals="33" methods="2" coveredmethods="2"/>
        <line num="8" count="1" type="stmt"/>
        <line num="9" count="20" type="stmt"/>
        <line num="10" count="20" type="stmt"/>
        <line num="11" count="20" type="cond" truecount="2" falsecount="0"/>
        <line num="12" count="20" type="cond" truecount="4" falsecount="0"/>
        <line num="14" count="20" type="cond" truecount="2" falsecount="0"/>
        <line num="15" count="19" type="cond" truecount="1" falsecount="1"/>
        <line num="16" count="0" type="stmt"/>
        <line num="22" count="19" type="stmt"/>
        <line num="29" count="2" type="cond" truecount="7" falsecount="0"/>
        <line num="40" count="1" type="stmt"/>
      </file>
      <file name="Text.js" path="/Users/paque/Desktop/works/web-components-common/src/functional/Text.js">
        <metrics statements="5" coveredstatements="5" conditionals="4" coveredconditionals="4" methods="1" coveredmethods="1"/>
        <line num="7" count="3" type="stmt"/>
        <line num="8" count="28" type="cond" truecount="2" falsecount="0"/>
        <line num="9" count="28" type="cond" truecount="2" falsecount="0"/>
        <line num="10" count="26" type="stmt"/>
        <line num="13" count="3" type="stmt"/>
      </file>
      <file name="TextCustomContent.js" path="/Users/paque/Desktop/works/web-components-common/src/functional/TextCustomContent.js">
        <metrics statements="4" coveredstatements="4" conditionals="2" coveredconditionals="2" methods="1" coveredmethods="1"/>
        <line num="7" count="1" type="stmt"/>
        <line num="8" count="3" type="cond" truecount="2" falsecount="0"/>
        <line num="9" count="2" type="stmt"/>
        <line num="12" count="1" type="stmt"/>
      </file>
    </package>
    <package name="styles">
      <metrics statements="16" coveredstatements="15" conditionals="145" coveredconditionals="77" methods="20" coveredmethods="17"/>
      <file name="common.styled.js" path="/Users/paque/Desktop/works/web-components-common/src/styles/common.styled.js">
        <metrics statements="13" coveredstatements="12" conditionals="145" coveredconditionals="77" methods="20" coveredmethods="17"/>
        <line num="15" count="17" type="stmt"/>
        <line num="30" count="51" type="stmt"/>
        <line num="63" count="17" type="cond" truecount="1" falsecount="1"/>
        <line num="85" count="28" type="stmt"/>
        <line num="91" count="84" type="stmt"/>
        <line num="105" count="12" type="stmt"/>
        <line num="113" count="28" type="stmt"/>
        <line num="144" count="38" type="stmt"/>
        <line num="153" count="114" type="stmt"/>
        <line num="189" count="32" type="stmt"/>
        <line num="208" count="96" type="stmt"/>
        <line num="305" count="12" type="stmt"/>
        <line num="320" count="0" type="stmt"/>
      </file>
      <file name="constants.js" path="/Users/paque/Desktop/works/web-components-common/src/styles/constants.js">
        <metrics statements="3" coveredstatements="3" conditionals="0" coveredconditionals="0" methods="0" coveredmethods="0"/>
        <line num="1" count="12" type="stmt"/>
        <line num="26" count="12" type="stmt"/>
        <line num="32" count="12" type="stmt"/>
      </file>
    </package>
    <package name="test.mock.fields-data">
      <metrics statements="51" coveredstatements="51" conditionals="0" coveredconditionals="0" methods="0" coveredmethods="0"/>
      <file name="atom.model.config.js" path="/Users/paque/Desktop/works/web-components-common/src/test/mock/fields-data/atom.model.config.js">
        <metrics statements="31" coveredstatements="31" conditionals="0" coveredconditionals="0" methods="0" coveredmethods="0"/>
        <line num="1" count="14" type="stmt"/>
        <line num="9" count="14" type="stmt"/>
        <line num="18" count="14" type="stmt"/>
        <line num="25" count="14" type="stmt"/>
        <line num="32" count="14" type="stmt"/>
        <line num="34" count="14" type="stmt"/>
        <line num="41" count="14" type="stmt"/>
        <line num="49" count="14" type="stmt"/>
        <line num="59" count="14" type="stmt"/>
        <line num="70" count="14" type="stmt"/>
        <line num="82" count="14" type="stmt"/>
        <line num="84" count="14" type="stmt"/>
        <line num="85" count="14" type="stmt"/>
        <line num="87" count="14" type="stmt"/>
        <line num="88" count="14" type="stmt"/>
        <line num="90" count="14" type="stmt"/>
        <line num="97" count="14" type="stmt"/>
        <line num="103" count="14" type="stmt"/>
        <line num="110" count="14" type="stmt"/>
        <line num="117" count="14" type="stmt"/>
        <line num="124" count="14" type="stmt"/>
        <line num="131" count="14" type="stmt"/>
        <line num="138" count="14" type="stmt"/>
        <line num="146" count="14" type="stmt"/>
        <line num="154" count="14" type="stmt"/>
        <line num="165" count="14" type="stmt"/>
        <line num="175" count="14" type="stmt"/>
        <line num="186" count="14" type="stmt"/>
        <line num="197" count="14" type="stmt"/>
        <line num="205" count="14" type="stmt"/>
        <line num="210" count="14" type="stmt"/>
      </file>
      <file name="molecules.model.config.js" path="/Users/paque/Desktop/works/web-components-common/src/test/mock/fields-data/molecules.model.config.js">
        <metrics statements="9" coveredstatements="9" conditionals="0" coveredconditionals="0" methods="0" coveredmethods="0"/>
        <line num="14" count="13" type="stmt"/>
        <line num="35" count="13" type="stmt"/>
        <line num="68" count="13" type="stmt"/>
        <line num="80" count="13" type="stmt"/>
        <line num="96" count="13" type="stmt"/>
        <line num="150" count="13" type="stmt"/>
        <line num="204" count="13" type="stmt"/>
        <line num="258" count="13" type="stmt"/>
        <line num="318" count="13" type="stmt"/>
      </file>
      <file name="organism.model.config.js" path="/Users/paque/Desktop/works/web-components-common/src/test/mock/fields-data/organism.model.config.js">
        <metrics statements="11" coveredstatements="11" conditionals="0" coveredconditionals="0" methods="0" coveredmethods="0"/>
        <line num="29" count="13" type="stmt"/>
        <line num="84" count="13" type="stmt"/>
        <line num="134" count="13" type="stmt"/>
        <line num="170" count="13" type="stmt"/>
        <line num="203" count="13" type="stmt"/>
        <line num="210" count="13" type="stmt"/>
        <line num="221" count="13" type="stmt"/>
        <line num="233" count="13" type="stmt"/>
        <line num="241" count="13" type="stmt"/>
        <line num="248" count="13" type="stmt"/>
        <line num="276" count="13" type="stmt"/>
      </file>
    </package>
    <package name="utils">
      <metrics statements="176" coveredstatements="137" conditionals="439" coveredconditionals="307" methods="50" coveredmethods="45"/>
      <file name="StyleGenerator.js" path="/Users/paque/Desktop/works/web-components-common/src/utils/StyleGenerator.js">
        <metrics statements="99" coveredstatements="61" conditionals="358" coveredconditionals="239" methods="19" coveredmethods="16"/>
        <line num="5" count="13" type="stmt"/>
        <line num="6" count="431" type="cond" truecount="1" falsecount="1"/>
        <line num="7" count="0" type="stmt"/>
        <line num="25" count="431" type="stmt"/>
        <line num="44" count="13" type="stmt"/>
        <line num="45" count="263" type="cond" truecount="1" falsecount="1"/>
        <line num="46" count="0" type="stmt"/>
        <line num="64" count="263" type="stmt"/>
        <line num="83" count="13" type="stmt"/>
        <line num="84" count="264" type="cond" truecount="1" falsecount="1"/>
        <line num="85" count="0" type="stmt"/>
        <line num="123" count="264" type="stmt"/>
        <line num="162" count="13" type="stmt"/>
        <line num="163" count="290" type="stmt"/>
        <line num="203" count="13" type="stmt"/>
        <line num="204" count="301" type="stmt"/>
        <line num="260" count="13" type="stmt"/>
        <line num="261" count="549" type="cond" truecount="2" falsecount="0"/>
        <line num="262" count="384" type="stmt"/>
        <line num="276" count="165" type="stmt"/>
        <line num="291" count="13" type="stmt"/>
        <line num="292" count="864" type="cond" truecount="2" falsecount="0"/>
        <line num="293" count="768" type="stmt"/>
        <line num="307" count="96" type="stmt"/>
        <line num="322" count="13" type="stmt"/>
        <line num="323" count="585" type="cond" truecount="2" falsecount="0"/>
        <line num="324" count="384" type="stmt"/>
        <line num="336" count="201" type="stmt"/>
        <line num="350" count="13" type="stmt"/>
        <line num="351" count="1685" type="cond" truecount="2" falsecount="0"/>
        <line num="352" count="1" type="stmt"/>
        <line num="353" count="1684" type="cond" truecount="1" falsecount="1"/>
        <line num="354" count="0" type="stmt"/>
        <line num="355" count="0" type="stmt"/>
        <line num="356" count="0" type="stmt"/>
        <line num="357" count="0" type="stmt"/>
        <line num="359" count="0" type="stmt"/>
        <line num="360" count="0" type="stmt"/>
        <line num="362" count="0" type="cond" truecount="0" falsecount="2"/>
        <line num="363" count="0" type="stmt"/>
        <line num="364" count="0" type="stmt"/>
        <line num="365" count="0" type="stmt"/>
        <line num="366" count="0" type="stmt"/>
        <line num="367" count="0" type="cond" truecount="0" falsecount="4"/>
        <line num="368" count="0" type="stmt"/>
        <line num="369" count="0" type="stmt"/>
        <line num="371" count="0" type="cond" truecount="0" falsecount="2"/>
        <line num="372" count="0" type="stmt"/>
        <line num="373" count="0" type="stmt"/>
        <line num="375" count="0" type="stmt"/>
        <line num="379" count="0" type="stmt"/>
        <line num="381" count="1684" type="stmt"/>
        <line num="385" count="13" type="stmt"/>
        <line num="388" count="0" type="stmt"/>
        <line num="389" count="0" type="stmt"/>
        <line num="390" count="0" type="stmt"/>
        <line num="392" count="0" type="stmt"/>
        <line num="394" count="0" type="stmt"/>
        <line num="395" count="0" type="stmt"/>
        <line num="396" count="0" type="cond" truecount="0" falsecount="2"/>
        <line num="397" count="0" type="stmt"/>
        <line num="398" count="0" type="cond" truecount="0" falsecount="2"/>
        <line num="399" count="0" type="stmt"/>
        <line num="400" count="0" type="stmt"/>
        <line num="402" count="0" type="cond" truecount="0" falsecount="4"/>
        <line num="403" count="0" type="stmt"/>
        <line num="404" count="0" type="stmt"/>
        <line num="406" count="0" type="stmt"/>
        <line num="410" count="0" type="stmt"/>
        <line num="413" count="13" type="stmt"/>
        <line num="414" count="6" type="stmt"/>
        <line num="415" count="6" type="stmt"/>
        <line num="425" count="13" type="stmt"/>
        <line num="426" count="7" type="stmt"/>
        <line num="427" count="5" type="stmt"/>
        <line num="434" count="13" type="stmt"/>
        <line num="435" count="19" type="cond" truecount="2" falsecount="0"/>
        <line num="436" count="1" type="cond" truecount="1" falsecount="1"/>
        <line num="437" count="1" type="stmt"/>
        <line num="444" count="13" type="stmt"/>
        <line num="445" count="2" type="cond" truecount="2" falsecount="0"/>
        <line num="446" count="1" type="cond" truecount="1" falsecount="1"/>
        <line num="447" count="1" type="stmt"/>
        <line num="454" count="13" type="stmt"/>
        <line num="455" count="22" type="cond" truecount="2" falsecount="0"/>
        <line num="457" count="4" type="cond" truecount="1" falsecount="1"/>
        <line num="458" count="4" type="stmt"/>
        <line num="460" count="4" type="cond" truecount="5" falsecount="0"/>
        <line num="461" count="3" type="stmt"/>
        <line num="463" count="3" type="stmt"/>
        <line num="469" count="1" type="stmt"/>
        <line num="477" count="13" type="stmt"/>
        <line num="478" count="5" type="cond" truecount="2" falsecount="0"/>
        <line num="480" count="4" type="cond" truecount="1" falsecount="1"/>
        <line num="481" count="4" type="stmt"/>
        <line num="483" count="4" type="cond" truecount="5" falsecount="0"/>
        <line num="484" count="3" type="stmt"/>
        <line num="486" count="3" type="stmt"/>
        <line num="492" count="1" type="stmt"/>
      </file>
      <file name="customHooks.js" path="/Users/paque/Desktop/works/web-components-common/src/utils/customHooks.js">
        <metrics statements="16" coveredstatements="16" conditionals="0" coveredconditionals="0" methods="8" coveredmethods="8"/>
        <line num="3" count="1" type="stmt"/>
        <line num="6" count="10" type="stmt"/>
        <line num="11" count="10" type="stmt"/>
        <line num="15" count="6" type="stmt"/>
        <line num="22" count="4" type="stmt"/>
        <line num="25" count="4" type="stmt"/>
        <line num="28" count="4" type="stmt"/>
        <line num="31" count="10" type="stmt"/>
        <line num="35" count="1" type="stmt"/>
        <line num="38" count="5" type="stmt"/>
        <line num="43" count="5" type="stmt"/>
        <line num="47" count="3" type="stmt"/>
        <line num="53" count="2" type="stmt"/>
        <line num="56" count="2" type="stmt"/>
        <line num="59" count="2" type="stmt"/>
        <line num="62" count="5" type="stmt"/>
      </file>
      <file name="functions.js" path="/Users/paque/Desktop/works/web-components-common/src/utils/functions.js">
        <metrics statements="31" coveredstatements="30" conditionals="11" coveredconditionals="8" methods="14" coveredmethods="12"/>
        <line num="1" count="15" type="stmt"/>
        <line num="2" count="3" type="cond" truecount="2" falsecount="0"/>
        <line num="3" count="2" type="stmt"/>
        <line num="4" count="2" type="stmt"/>
        <line num="6" count="2" type="stmt"/>
        <line num="7" count="2" type="cond" truecount="2" falsecount="0"/>
        <line num="14" count="15" type="stmt"/>
        <line num="15" count="2" type="cond" truecount="2" falsecount="0"/>
        <line num="16" count="1" type="stmt"/>
        <line num="19" count="15" type="stmt"/>
        <line num="20" count="2" type="cond" truecount="2" falsecount="0"/>
        <line num="21" count="1" type="stmt"/>
        <line num="24" count="1684" type="stmt"/>
        <line num="26" count="15" type="stmt"/>
        <line num="27" count="0" type="cond" truecount="0" falsecount="3"/>
        <line num="29" count="15" type="stmt"/>
        <line num="30" count="63" type="stmt"/>
        <line num="33" count="34" type="stmt"/>
        <line num="35" count="15" type="stmt"/>
        <line num="37" count="15" type="stmt"/>
        <line num="38" count="1" type="stmt"/>
        <line num="42" count="1" type="stmt"/>
        <line num="45" count="1" type="stmt"/>
        <line num="46" count="3" type="stmt"/>
        <line num="48" count="1" type="stmt"/>
        <line num="52" count="15" type="stmt"/>
        <line num="53" count="58" type="stmt"/>
        <line num="56" count="15" type="stmt"/>
        <line num="57" count="56" type="stmt"/>
        <line num="59" count="15" type="stmt"/>
        <line num="60" count="2" type="stmt"/>
      </file>
      <file name="gettersCommonElement.js" path="/Users/paque/Desktop/works/web-components-common/src/utils/gettersCommonElement.js">
        <metrics statements="18" coveredstatements="18" conditionals="18" coveredconditionals="16" methods="3" coveredmethods="3"/>
        <line num="6" count="5" type="stmt"/>
        <line num="7" count="4" type="stmt"/>
        <line num="8" count="4" type="stmt"/>
        <line num="9" count="4" type="cond" truecount="2" falsecount="0"/>
        <line num="10" count="4" type="cond" truecount="2" falsecount="0"/>
        <line num="11" count="1" type="stmt"/>
        <line num="13" count="3" type="stmt"/>
        <line num="25" count="5" type="stmt"/>
        <line num="26" count="49" type="stmt"/>
        <line num="27" count="49" type="stmt"/>
        <line num="29" count="49" type="cond" truecount="3" falsecount="1"/>
        <line num="30" count="49" type="cond" truecount="2" falsecount="0"/>
        <line num="31" count="1" type="stmt"/>
        <line num="35" count="48" type="cond" truecount="2" falsecount="0"/>
        <line num="36" count="42" type="stmt"/>
        <line num="44" count="6" type="cond" truecount="4" falsecount="0"/>
        <line num="45" count="5" type="stmt"/>
        <line num="54" count="1" type="stmt"/>
      </file>
      <file name="gettersProperties.js" path="/Users/paque/Desktop/works/web-components-common/src/utils/gettersProperties.js">
        <metrics statements="12" coveredstatements="12" conditionals="52" coveredconditionals="44" methods="6" coveredmethods="6"/>
        <line num="3" count="12" type="stmt"/>
        <line num="4" count="8" type="stmt"/>
        <line num="11" count="12" type="stmt"/>
        <line num="12" count="17" type="stmt"/>
        <line num="22" count="12" type="stmt"/>
        <line num="23" count="28" type="stmt"/>
        <line num="32" count="12" type="stmt"/>
        <line num="33" count="13" type="stmt"/>
        <line num="40" count="12" type="stmt"/>
        <line num="41" count="32" type="stmt"/>
        <line num="50" count="12" type="stmt"/>
        <line num="51" count="38" type="stmt"/>
      </file>
    </package>
  </project>
</coverage>
