{"/Users/paque/Desktop/works/web-components-common/src/components/BlockText/BlockText.js": {"path":"/Users/paque/Desktop/works/web-components-common/src/components/BlockText/BlockText.js","statementMap":{"0":{"start":{"line":8,"column":23},"end":{"line":23,"column":1}},"1":{"start":{"line":9,"column":4},"end":{"line":9,"column":30}},"2":{"start":{"line":9,"column":24},"end":{"line":9,"column":30}},"3":{"start":{"line":10,"column":4},"end":{"line":22,"column":5}},"4":{"start":{"line":12,"column":12},"end":{"line":12,"column":79}},"5":{"start":{"line":15,"column":12},"end":{"line":15,"column":79}},"6":{"start":{"line":18,"column":12},"end":{"line":18,"column":82}},"7":{"start":{"line":21,"column":12},"end":{"line":21,"column":24}},"8":{"start":{"line":25,"column":18},"end":{"line":32,"column":1}},"9":{"start":{"line":26,"column":4},"end":{"line":31,"column":17}},"10":{"start":{"line":28,"column":48},"end":{"line":28,"column":93}},"11":{"start":{"line":29,"column":72},"end":{"line":29,"column":117}},"12":{"start":{"line":34,"column":0},"end":{"line":34,"column":28}},"13":{"start":{"line":36,"column":0},"end":{"line":45,"column":2}}},"fnMap":{"0":{"name":"(anonymous_0)","decl":{"start":{"line":8,"column":23},"end":{"line":8,"column":24}},"loc":{"start":{"line":8,"column":56},"end":{"line":23,"column":1}},"line":8},"1":{"name":"(anonymous_1)","decl":{"start":{"line":25,"column":18},"end":{"line":25,"column":19}},"loc":{"start":{"line":25,"column":49},"end":{"line":32,"column":1}},"line":25},"2":{"name":"(anonymous_2)","decl":{"start":{"line":28,"column":30},"end":{"line":28,"column":31}},"loc":{"start":{"line":28,"column":48},"end":{"line":28,"column":93}},"line":28},"3":{"name":"(anonymous_3)","decl":{"start":{"line":29,"column":54},"end":{"line":29,"column":55}},"loc":{"start":{"line":29,"column":72},"end":{"line":29,"column":117}},"line":29}},"branchMap":{"0":{"loc":{"start":{"line":9,"column":4},"end":{"line":9,"column":30}},"type":"if","locations":[{"start":{"line":9,"column":4},"end":{"line":9,"column":30}},{"start":{"line":9,"column":4},"end":{"line":9,"column":30}}],"line":9},"1":{"loc":{"start":{"line":10,"column":4},"end":{"line":22,"column":5}},"type":"switch","locations":[{"start":{"line":11,"column":8},"end":{"line":12,"column":79}},{"start":{"line":14,"column":8},"end":{"line":15,"column":79}},{"start":{"line":17,"column":8},"end":{"line":18,"column":82}},{"start":{"line":20,"column":8},"end":{"line":21,"column":24}}],"line":10},"2":{"loc":{"start":{"line":28,"column":12},"end":{"line":29,"column":118}},"type":"cond-expr","locations":[{"start":{"line":28,"column":20},"end":{"line":28,"column":94}},{"start":{"line":29,"column":18},"end":{"line":29,"column":118}}],"line":28}},"s":{"0":1,"1":17,"2":1,"3":16,"4":7,"5":5,"6":4,"7":0,"8":1,"9":8,"10":11,"11":6,"12":1,"13":1},"f":{"0":17,"1":8,"2":11,"3":6},"b":{"0":[1,16],"1":[7,5,4,0],"2":[6,2]},"_coverageSchema":"1a1c01bbd47fc00a2c39e90264f33305004495a9","hash":"6e0d6374e2a89df449a236013ada692547df23ec"}
,"/Users/paque/Desktop/works/web-components-common/src/components/BlockText/styled.js": {"path":"/Users/paque/Desktop/works/web-components-common/src/components/BlockText/styled.js","statementMap":{"0":{"start":{"line":5,"column":25},"end":{"line":31,"column":1}},"1":{"start":{"line":5,"column":52},"end":{"line":10,"column":1}},"2":{"start":{"line":20,"column":15},"end":{"line":29,"column":12}},"3":{"start":{"line":20,"column":49},"end":{"line":29,"column":11}}},"fnMap":{"0":{"name":"(anonymous_0)","decl":{"start":{"line":5,"column":42},"end":{"line":5,"column":43}},"loc":{"start":{"line":5,"column":52},"end":{"line":10,"column":1}},"line":5},"1":{"name":"(anonymous_1)","decl":{"start":{"line":20,"column":6},"end":{"line":20,"column":7}},"loc":{"start":{"line":20,"column":15},"end":{"line":29,"column":12}},"line":20},"2":{"name":"(anonymous_2)","decl":{"start":{"line":20,"column":36},"end":{"line":20,"column":37}},"loc":{"start":{"line":20,"column":49},"end":{"line":29,"column":11}},"line":20}},"branchMap":{"0":{"loc":{"start":{"line":22,"column":14},"end":{"line":22,"column":69}},"type":"cond-expr","locations":[{"start":{"line":22,"column":28},"end":{"line":22,"column":65}},{"start":{"line":22,"column":67},"end":{"line":22,"column":69}}],"line":22},"1":{"loc":{"start":{"line":23,"column":15},"end":{"line":23,"column":66}},"type":"cond-expr","locations":[{"start":{"line":23,"column":30},"end":{"line":23,"column":61}},{"start":{"line":23,"column":64},"end":{"line":23,"column":66}}],"line":23},"2":{"loc":{"start":{"line":24,"column":15},"end":{"line":24,"column":69}},"type":"cond-expr","locations":[{"start":{"line":24,"column":30},"end":{"line":24,"column":64}},{"start":{"line":24,"column":67},"end":{"line":24,"column":69}}],"line":24},"3":{"loc":{"start":{"line":25,"column":15},"end":{"line":25,"column":68}},"type":"cond-expr","locations":[{"start":{"line":25,"column":30},"end":{"line":25,"column":63}},{"start":{"line":25,"column":66},"end":{"line":25,"column":68}}],"line":25},"4":{"loc":{"start":{"line":26,"column":15},"end":{"line":26,"column":70}},"type":"cond-expr","locations":[{"start":{"line":26,"column":31},"end":{"line":26,"column":65}},{"start":{"line":26,"column":68},"end":{"line":26,"column":70}}],"line":26},"5":{"loc":{"start":{"line":27,"column":15},"end":{"line":27,"column":75}},"type":"cond-expr","locations":[{"start":{"line":27,"column":31},"end":{"line":27,"column":70}},{"start":{"line":27,"column":73},"end":{"line":27,"column":75}}],"line":27}},"s":{"0":1,"1":8,"2":8,"3":8},"f":{"0":8,"1":8,"2":8},"b":{"0":[0,8],"1":[0,8],"2":[0,8],"3":[0,8],"4":[0,8],"5":[0,8]},"_coverageSchema":"1a1c01bbd47fc00a2c39e90264f33305004495a9","hash":"a1e6a182ebe24d6637ad9c0b5c3cdd7906744ede"}
,"/Users/paque/Desktop/works/web-components-common/src/components/ButtonScrollTop/ButtonScrollTop.js": {"path":"/Users/paque/Desktop/works/web-components-common/src/components/ButtonScrollTop/ButtonScrollTop.js","statementMap":{"0":{"start":{"line":9,"column":22},"end":{"line":9,"column":26}},"1":{"start":{"line":11,"column":24},"end":{"line":68,"column":1}},"2":{"start":{"line":12,"column":34},"end":{"line":12,"column":45}},"3":{"start":{"line":14,"column":4},"end":{"line":24,"column":7}},"4":{"start":{"line":15,"column":8},"end":{"line":17,"column":9}},"5":{"start":{"line":16,"column":12},"end":{"line":16,"column":55}},"6":{"start":{"line":19,"column":8},"end":{"line":23,"column":10}},"7":{"start":{"line":20,"column":12},"end":{"line":22,"column":13}},"8":{"start":{"line":21,"column":16},"end":{"line":21,"column":62}},"9":{"start":{"line":26,"column":21},"end":{"line":30,"column":5}},"10":{"start":{"line":27,"column":8},"end":{"line":27,"column":41}},"11":{"start":{"line":28,"column":8},"end":{"line":28,"column":35}},"12":{"start":{"line":32,"column":24},"end":{"line":37,"column":5}},"13":{"start":{"line":33,"column":8},"end":{"line":36,"column":9}},"14":{"start":{"line":34,"column":12},"end":{"line":34,"column":34}},"15":{"start":{"line":35,"column":12},"end":{"line":35,"column":54}},"16":{"start":{"line":39,"column":28},"end":{"line":45,"column":5}},"17":{"start":{"line":40,"column":8},"end":{"line":44,"column":9}},"18":{"start":{"line":41,"column":12},"end":{"line":41,"column":38}},"19":{"start":{"line":43,"column":12},"end":{"line":43,"column":21}},"20":{"start":{"line":47,"column":21},"end":{"line":58,"column":5}},"21":{"start":{"line":48,"column":30},"end":{"line":48,"column":80}},"22":{"start":{"line":49,"column":22},"end":{"line":49,"column":45}},"23":{"start":{"line":50,"column":21},"end":{"line":50,"column":101}},"24":{"start":{"line":51,"column":20},"end":{"line":51,"column":78}},"25":{"start":{"line":52,"column":8},"end":{"line":52,"column":31}},"26":{"start":{"line":52,"column":19},"end":{"line":52,"column":31}},"27":{"start":{"line":53,"column":8},"end":{"line":57,"column":9}},"28":{"start":{"line":60,"column":4},"end":{"line":67,"column":6}},"29":{"start":{"line":64,"column":35},"end":{"line":64,"column":48}},"30":{"start":{"line":143,"column":0},"end":{"line":143,"column":34}},"31":{"start":{"line":145,"column":0},"end":{"line":153,"column":2}}},"fnMap":{"0":{"name":"(anonymous_0)","decl":{"start":{"line":11,"column":24},"end":{"line":11,"column":25}},"loc":{"start":{"line":11,"column":65},"end":{"line":68,"column":1}},"line":11},"1":{"name":"(anonymous_1)","decl":{"start":{"line":14,"column":14},"end":{"line":14,"column":15}},"loc":{"start":{"line":14,"column":20},"end":{"line":24,"column":5}},"line":14},"2":{"name":"cleanup","decl":{"start":{"line":19,"column":25},"end":{"line":19,"column":32}},"loc":{"start":{"line":19,"column":35},"end":{"line":23,"column":9}},"line":19},"3":{"name":"(anonymous_3)","decl":{"start":{"line":26,"column":21},"end":{"line":26,"column":22}},"loc":{"start":{"line":26,"column":27},"end":{"line":30,"column":5}},"line":26},"4":{"name":"(anonymous_4)","decl":{"start":{"line":32,"column":24},"end":{"line":32,"column":25}},"loc":{"start":{"line":32,"column":30},"end":{"line":37,"column":5}},"line":32},"5":{"name":"(anonymous_5)","decl":{"start":{"line":39,"column":28},"end":{"line":39,"column":29}},"loc":{"start":{"line":39,"column":34},"end":{"line":45,"column":5}},"line":39},"6":{"name":"(anonymous_6)","decl":{"start":{"line":47,"column":21},"end":{"line":47,"column":22}},"loc":{"start":{"line":47,"column":32},"end":{"line":58,"column":5}},"line":47},"7":{"name":"(anonymous_7)","decl":{"start":{"line":64,"column":28},"end":{"line":64,"column":29}},"loc":{"start":{"line":64,"column":34},"end":{"line":64,"column":49}},"line":64}},"branchMap":{"0":{"loc":{"start":{"line":15,"column":8},"end":{"line":17,"column":9}},"type":"if","locations":[{"start":{"line":15,"column":8},"end":{"line":17,"column":9}},{"start":{"line":15,"column":8},"end":{"line":17,"column":9}}],"line":15},"1":{"loc":{"start":{"line":20,"column":12},"end":{"line":22,"column":13}},"type":"if","locations":[{"start":{"line":20,"column":12},"end":{"line":22,"column":13}},{"start":{"line":20,"column":12},"end":{"line":22,"column":13}}],"line":20},"2":{"loc":{"start":{"line":33,"column":8},"end":{"line":36,"column":9}},"type":"if","locations":[{"start":{"line":33,"column":8},"end":{"line":36,"column":9}},{"start":{"line":33,"column":8},"end":{"line":36,"column":9}}],"line":33},"3":{"loc":{"start":{"line":40,"column":8},"end":{"line":44,"column":9}},"type":"if","locations":[{"start":{"line":40,"column":8},"end":{"line":44,"column":9}},{"start":{"line":40,"column":8},"end":{"line":44,"column":9}}],"line":40},"4":{"loc":{"start":{"line":50,"column":21},"end":{"line":50,"column":101}},"type":"cond-expr","locations":[{"start":{"line":50,"column":59},"end":{"line":50,"column":94}},{"start":{"line":50,"column":97},"end":{"line":50,"column":101}}],"line":50},"5":{"loc":{"start":{"line":51,"column":20},"end":{"line":51,"column":78}},"type":"cond-expr","locations":[{"start":{"line":51,"column":54},"end":{"line":51,"column":73}},{"start":{"line":51,"column":76},"end":{"line":51,"column":78}}],"line":51},"6":{"loc":{"start":{"line":51,"column":20},"end":{"line":51,"column":52}},"type":"binary-expr","locations":[{"start":{"line":51,"column":20},"end":{"line":51,"column":29}},{"start":{"line":51,"column":33},"end":{"line":51,"column":52}}],"line":51},"7":{"loc":{"start":{"line":52,"column":8},"end":{"line":52,"column":31}},"type":"if","locations":[{"start":{"line":52,"column":8},"end":{"line":52,"column":31}},{"start":{"line":52,"column":8},"end":{"line":52,"column":31}}],"line":52},"8":{"loc":{"start":{"line":55,"column":41},"end":{"line":55,"column":62}},"type":"binary-expr","locations":[{"start":{"line":55,"column":41},"end":{"line":55,"column":56}},{"start":{"line":55,"column":60},"end":{"line":55,"column":62}}],"line":55},"9":{"loc":{"start":{"line":63,"column":30},"end":{"line":63,"column":85}},"type":"cond-expr","locations":[{"start":{"line":63,"column":71},"end":{"line":63,"column":80}},{"start":{"line":63,"column":83},"end":{"line":63,"column":85}}],"line":63},"10":{"loc":{"start":{"line":63,"column":30},"end":{"line":63,"column":68}},"type":"binary-expr","locations":[{"start":{"line":63,"column":30},"end":{"line":63,"column":37}},{"start":{"line":63,"column":41},"end":{"line":63,"column":68}}],"line":63}},"s":{"0":1,"1":1,"2":10,"3":10,"4":10,"5":10,"6":10,"7":10,"8":10,"9":10,"10":3,"11":3,"12":10,"13":1,"14":1,"15":1,"16":10,"17":4,"18":4,"19":0,"20":10,"21":10,"22":10,"23":10,"24":10,"25":10,"26":1,"27":9,"28":10,"29":1,"30":1,"31":1},"f":{"0":10,"1":10,"2":10,"3":3,"4":1,"5":4,"6":10,"7":1},"b":{"0":[10,0],"1":[10,0],"2":[1,0],"3":[4,0],"4":[9,1],"5":[10,0],"6":[10,10],"7":[1,9],"8":[9,0],"9":[4,6],"10":[10,4]},"_coverageSchema":"1a1c01bbd47fc00a2c39e90264f33305004495a9","hash":"d3466d25bdc9edea2a0f07275ab21a532f3cf640"}
,"/Users/paque/Desktop/works/web-components-common/src/components/ButtonScrollTop/styled.js": {"path":"/Users/paque/Desktop/works/web-components-common/src/components/ButtonScrollTop/styled.js","statementMap":{"0":{"start":{"line":4,"column":25},"end":{"line":26,"column":1}},"1":{"start":{"line":29,"column":30},"end":{"line":32,"column":1}}},"fnMap":{},"branchMap":{},"s":{"0":1,"1":1},"f":{},"b":{},"_coverageSchema":"1a1c01bbd47fc00a2c39e90264f33305004495a9","hash":"649b6c6bef417ac54ba29261674dbb351826f9d6"}
,"/Users/paque/Desktop/works/web-components-common/src/components/Card/Card.js": {"path":"/Users/paque/Desktop/works/web-components-common/src/components/Card/Card.js","statementMap":{"0":{"start":{"line":12,"column":23},"end":{"line":33,"column":1}},"1":{"start":{"line":13,"column":4},"end":{"line":13,"column":30}},"2":{"start":{"line":13,"column":24},"end":{"line":13,"column":30}},"3":{"start":{"line":14,"column":4},"end":{"line":32,"column":5}},"4":{"start":{"line":16,"column":12},"end":{"line":16,"column":79}},"5":{"start":{"line":19,"column":12},"end":{"line":19,"column":79}},"6":{"start":{"line":22,"column":12},"end":{"line":22,"column":82}},"7":{"start":{"line":25,"column":12},"end":{"line":26,"column":61}},"8":{"start":{"line":29,"column":12},"end":{"line":29,"column":78}},"9":{"start":{"line":31,"column":12},"end":{"line":31,"column":24}},"10":{"start":{"line":35,"column":13},"end":{"line":46,"column":1}},"11":{"start":{"line":36,"column":24},"end":{"line":36,"column":93}},"12":{"start":{"line":38,"column":4},"end":{"line":45,"column":10}},"13":{"start":{"line":41,"column":56},"end":{"line":41,"column":119}},"14":{"start":{"line":42,"column":96},"end":{"line":42,"column":159}},"15":{"start":{"line":48,"column":0},"end":{"line":48,"column":23}},"16":{"start":{"line":50,"column":0},"end":{"line":62,"column":2}}},"fnMap":{"0":{"name":"(anonymous_0)","decl":{"start":{"line":12,"column":23},"end":{"line":12,"column":24}},"loc":{"start":{"line":12,"column":73},"end":{"line":33,"column":1}},"line":12},"1":{"name":"(anonymous_1)","decl":{"start":{"line":35,"column":13},"end":{"line":35,"column":14}},"loc":{"start":{"line":35,"column":61},"end":{"line":46,"column":1}},"line":35},"2":{"name":"(anonymous_2)","decl":{"start":{"line":41,"column":38},"end":{"line":41,"column":39}},"loc":{"start":{"line":41,"column":56},"end":{"line":41,"column":119}},"line":41},"3":{"name":"(anonymous_3)","decl":{"start":{"line":42,"column":78},"end":{"line":42,"column":79}},"loc":{"start":{"line":42,"column":96},"end":{"line":42,"column":159}},"line":42}},"branchMap":{"0":{"loc":{"start":{"line":13,"column":4},"end":{"line":13,"column":30}},"type":"if","locations":[{"start":{"line":13,"column":4},"end":{"line":13,"column":30}},{"start":{"line":13,"column":4},"end":{"line":13,"column":30}}],"line":13},"1":{"loc":{"start":{"line":14,"column":4},"end":{"line":32,"column":5}},"type":"switch","locations":[{"start":{"line":15,"column":8},"end":{"line":16,"column":79}},{"start":{"line":18,"column":8},"end":{"line":19,"column":79}},{"start":{"line":21,"column":8},"end":{"line":22,"column":82}},{"start":{"line":24,"column":8},"end":{"line":26,"column":61}},{"start":{"line":28,"column":8},"end":{"line":29,"column":78}},{"start":{"line":30,"column":8},"end":{"line":31,"column":24}}],"line":14},"2":{"loc":{"start":{"line":36,"column":24},"end":{"line":36,"column":93}},"type":"cond-expr","locations":[{"start":{"line":36,"column":46},"end":{"line":36,"column":86}},{"start":{"line":36,"column":89},"end":{"line":36,"column":93}}],"line":36},"3":{"loc":{"start":{"line":41,"column":20},"end":{"line":42,"column":160}},"type":"cond-expr","locations":[{"start":{"line":41,"column":28},"end":{"line":41,"column":120}},{"start":{"line":42,"column":26},"end":{"line":42,"column":160}}],"line":41}},"s":{"0":1,"1":24,"2":0,"3":24,"4":7,"5":5,"6":4,"7":4,"8":4,"9":0,"10":1,"11":7,"12":7,"13":14,"14":10,"15":1,"16":1},"f":{"0":24,"1":7,"2":14,"3":10},"b":{"0":[0,24],"1":[7,5,4,4,4,0],"2":[0,7],"3":[5,2]},"_coverageSchema":"1a1c01bbd47fc00a2c39e90264f33305004495a9","hash":"2e3d09209f2d8664958a10f9fd93ccb1002e7a19"}
,"/Users/paque/Desktop/works/web-components-common/src/components/Card/styled.js": {"path":"/Users/paque/Desktop/works/web-components-common/src/components/Card/styled.js","statementMap":{"0":{"start":{"line":7,"column":25},"end":{"line":21,"column":1}},"1":{"start":{"line":7,"column":65},"end":{"line":11,"column":1}},"2":{"start":{"line":12,"column":17},"end":{"line":19,"column":17}},"3":{"start":{"line":12,"column":77},"end":{"line":19,"column":11}}},"fnMap":{"0":{"name":"(anonymous_0)","decl":{"start":{"line":7,"column":55},"end":{"line":7,"column":56}},"loc":{"start":{"line":7,"column":65},"end":{"line":11,"column":1}},"line":7},"1":{"name":"(anonymous_1)","decl":{"start":{"line":12,"column":7},"end":{"line":12,"column":8}},"loc":{"start":{"line":12,"column":17},"end":{"line":19,"column":17}},"line":12},"2":{"name":"(anonymous_2)","decl":{"start":{"line":12,"column":69},"end":{"line":12,"column":70}},"loc":{"start":{"line":12,"column":77},"end":{"line":19,"column":11}},"line":12}},"branchMap":{"0":{"loc":{"start":{"line":9,"column":27},"end":{"line":9,"column":80}},"type":"cond-expr","locations":[{"start":{"line":9,"column":47},"end":{"line":9,"column":75}},{"start":{"line":9,"column":78},"end":{"line":9,"column":80}}],"line":9},"1":{"loc":{"start":{"line":10,"column":28},"end":{"line":10,"column":81}},"type":"cond-expr","locations":[{"start":{"line":10,"column":48},"end":{"line":10,"column":76}},{"start":{"line":10,"column":79},"end":{"line":10,"column":81}}],"line":10},"2":{"loc":{"start":{"line":12,"column":17},"end":{"line":19,"column":17}},"type":"cond-expr","locations":[{"start":{"line":12,"column":37},"end":{"line":19,"column":12}},{"start":{"line":19,"column":15},"end":{"line":19,"column":17}}],"line":12},"3":{"loc":{"start":{"line":16,"column":18},"end":{"line":16,"column":105}},"type":"cond-expr","locations":[{"start":{"line":16,"column":48},"end":{"line":16,"column":100}},{"start":{"line":16,"column":103},"end":{"line":16,"column":105}}],"line":16},"4":{"loc":{"start":{"line":17,"column":19},"end":{"line":17,"column":112}},"type":"cond-expr","locations":[{"start":{"line":17,"column":50},"end":{"line":17,"column":107}},{"start":{"line":17,"column":110},"end":{"line":17,"column":112}}],"line":17}},"s":{"0":1,"1":7,"2":7,"3":0},"f":{"0":7,"1":7,"2":0},"b":{"0":[0,7],"1":[0,7],"2":[0,7],"3":[0,0],"4":[0,0]},"_coverageSchema":"1a1c01bbd47fc00a2c39e90264f33305004495a9","hash":"88748ba1e70ffb50384d936aebdedca2d290c2e7"}
,"/Users/paque/Desktop/works/web-components-common/src/functional/CTA.js": {"path":"/Users/paque/Desktop/works/web-components-common/src/functional/CTA.js","statementMap":{"0":{"start":{"line":7,"column":12},"end":{"line":31,"column":1}},"1":{"start":{"line":8,"column":20},"end":{"line":8,"column":108}},"2":{"start":{"line":9,"column":17},"end":{"line":9,"column":105}},"3":{"start":{"line":11,"column":17},"end":{"line":11,"column":105}},"4":{"start":{"line":13,"column":4},"end":{"line":13,"column":39}},"5":{"start":{"line":13,"column":27},"end":{"line":13,"column":39}},"6":{"start":{"line":14,"column":4},"end":{"line":30,"column":6}},"7":{"start":{"line":22,"column":23},"end":{"line":22,"column":77}},"8":{"start":{"line":22,"column":58},"end":{"line":22,"column":77}},"9":{"start":{"line":34,"column":0},"end":{"line":38,"column":2}}},"fnMap":{"0":{"name":"(anonymous_0)","decl":{"start":{"line":7,"column":12},"end":{"line":7,"column":13}},"loc":{"start":{"line":7,"column":61},"end":{"line":31,"column":1}},"line":7},"1":{"name":"(anonymous_1)","decl":{"start":{"line":21,"column":28},"end":{"line":21,"column":29}},"loc":{"start":{"line":21,"column":35},"end":{"line":23,"column":20}},"line":21}},"branchMap":{"0":{"loc":{"start":{"line":7,"column":31},"end":{"line":7,"column":55}},"type":"default-arg","locations":[{"start":{"line":7,"column":50},"end":{"line":7,"column":55}}],"line":7},"1":{"loc":{"start":{"line":8,"column":20},"end":{"line":8,"column":108}},"type":"cond-expr","locations":[{"start":{"line":8,"column":73},"end":{"line":8,"column":101}},{"start":{"line":8,"column":104},"end":{"line":8,"column":108}}],"line":8},"2":{"loc":{"start":{"line":8,"column":20},"end":{"line":8,"column":70}},"type":"binary-expr","locations":[{"start":{"line":8,"column":20},"end":{"line":8,"column":38}},{"start":{"line":8,"column":42},"end":{"line":8,"column":70}}],"line":8},"3":{"loc":{"start":{"line":9,"column":17},"end":{"line":9,"column":105}},"type":"cond-expr","locations":[{"start":{"line":9,"column":70},"end":{"line":9,"column":98}},{"start":{"line":9,"column":101},"end":{"line":9,"column":105}}],"line":9},"4":{"loc":{"start":{"line":9,"column":17},"end":{"line":9,"column":67}},"type":"binary-expr","locations":[{"start":{"line":9,"column":17},"end":{"line":9,"column":35}},{"start":{"line":9,"column":39},"end":{"line":9,"column":67}}],"line":9},"5":{"loc":{"start":{"line":11,"column":17},"end":{"line":11,"column":105}},"type":"cond-expr","locations":[{"start":{"line":11,"column":72},"end":{"line":11,"column":100}},{"start":{"line":11,"column":103},"end":{"line":11,"column":105}}],"line":11},"6":{"loc":{"start":{"line":11,"column":17},"end":{"line":11,"column":69}},"type":"binary-expr","locations":[{"start":{"line":11,"column":17},"end":{"line":11,"column":35}},{"start":{"line":11,"column":39},"end":{"line":11,"column":69}}],"line":11},"7":{"loc":{"start":{"line":13,"column":4},"end":{"line":13,"column":39}},"type":"if","locations":[{"start":{"line":13,"column":4},"end":{"line":13,"column":39}},{"start":{"line":13,"column":4},"end":{"line":13,"column":39}}],"line":13},"8":{"loc":{"start":{"line":13,"column":8},"end":{"line":13,"column":25}},"type":"binary-expr","locations":[{"start":{"line":13,"column":8},"end":{"line":13,"column":16}},{"start":{"line":13,"column":20},"end":{"line":13,"column":25}}],"line":13},"9":{"loc":{"start":{"line":18,"column":27},"end":{"line":18,"column":72}},"type":"cond-expr","locations":[{"start":{"line":18,"column":59},"end":{"line":18,"column":67}},{"start":{"line":18,"column":70},"end":{"line":18,"column":72}}],"line":18},"10":{"loc":{"start":{"line":19,"column":24},"end":{"line":19,"column":71}},"type":"cond-expr","locations":[{"start":{"line":19,"column":56},"end":{"line":19,"column":66}},{"start":{"line":19,"column":69},"end":{"line":19,"column":71}}],"line":19},"11":{"loc":{"start":{"line":20,"column":30},"end":{"line":20,"column":77}},"type":"cond-expr","locations":[{"start":{"line":20,"column":62},"end":{"line":20,"column":72}},{"start":{"line":20,"column":75},"end":{"line":20,"column":77}}],"line":20},"12":{"loc":{"start":{"line":22,"column":23},"end":{"line":22,"column":77}},"type":"if","locations":[{"start":{"line":22,"column":23},"end":{"line":22,"column":77}},{"start":{"line":22,"column":23},"end":{"line":22,"column":77}}],"line":22},"13":{"loc":{"start":{"line":27,"column":13},"end":{"line":27,"column":63}},"type":"cond-expr","locations":[{"start":{"line":27,"column":20},"end":{"line":27,"column":56}},{"start":{"line":27,"column":59},"end":{"line":27,"column":63}}],"line":27},"14":{"loc":{"start":{"line":28,"column":13},"end":{"line":28,"column":46}},"type":"cond-expr","locations":[{"start":{"line":28,"column":23},"end":{"line":28,"column":39}},{"start":{"line":28,"column":42},"end":{"line":28,"column":46}}],"line":28}},"s":{"0":2,"1":20,"2":20,"3":20,"4":20,"5":2,"6":18,"7":2,"8":1,"9":2},"f":{"0":20,"1":2},"b":{"0":[20],"1":[17,3],"2":[20,20],"3":[13,7],"4":[20,20],"5":[17,3],"6":[20,20],"7":[2,18],"8":[20,3],"9":[3,15],"10":[3,15],"11":[3,15],"12":[1,1],"13":[13,5],"14":[17,1]},"_coverageSchema":"1a1c01bbd47fc00a2c39e90264f33305004495a9","hash":"6eb9ebd870536a1110fd3af2b81f87a28ec3f98a"}
,"/Users/paque/Desktop/works/web-components-common/src/functional/CTACustomLink.js": {"path":"/Users/paque/Desktop/works/web-components-common/src/functional/CTACustomLink.js","statementMap":{"0":{"start":{"line":7,"column":22},"end":{"line":29,"column":1}},"1":{"start":{"line":8,"column":20},"end":{"line":8,"column":108}},"2":{"start":{"line":9,"column":17},"end":{"line":9,"column":105}},"3":{"start":{"line":11,"column":4},"end":{"line":11,"column":39}},"4":{"start":{"line":11,"column":27},"end":{"line":11,"column":39}},"5":{"start":{"line":12,"column":4},"end":{"line":28,"column":6}},"6":{"start":{"line":20,"column":23},"end":{"line":20,"column":101}},"7":{"start":{"line":20,"column":82},"end":{"line":20,"column":101}},"8":{"start":{"line":32,"column":0},"end":{"line":37,"column":2}}},"fnMap":{"0":{"name":"(anonymous_0)","decl":{"start":{"line":7,"column":22},"end":{"line":7,"column":23}},"loc":{"start":{"line":7,"column":69},"end":{"line":29,"column":1}},"line":7},"1":{"name":"(anonymous_1)","decl":{"start":{"line":19,"column":28},"end":{"line":19,"column":29}},"loc":{"start":{"line":19,"column":35},"end":{"line":21,"column":20}},"line":19}},"branchMap":{"0":{"loc":{"start":{"line":8,"column":20},"end":{"line":8,"column":108}},"type":"cond-expr","locations":[{"start":{"line":8,"column":73},"end":{"line":8,"column":101}},{"start":{"line":8,"column":104},"end":{"line":8,"column":108}}],"line":8},"1":{"loc":{"start":{"line":8,"column":20},"end":{"line":8,"column":70}},"type":"binary-expr","locations":[{"start":{"line":8,"column":20},"end":{"line":8,"column":38}},{"start":{"line":8,"column":42},"end":{"line":8,"column":70}}],"line":8},"2":{"loc":{"start":{"line":9,"column":17},"end":{"line":9,"column":105}},"type":"cond-expr","locations":[{"start":{"line":9,"column":70},"end":{"line":9,"column":98}},{"start":{"line":9,"column":101},"end":{"line":9,"column":105}}],"line":9},"3":{"loc":{"start":{"line":9,"column":17},"end":{"line":9,"column":67}},"type":"binary-expr","locations":[{"start":{"line":9,"column":17},"end":{"line":9,"column":35}},{"start":{"line":9,"column":39},"end":{"line":9,"column":67}}],"line":9},"4":{"loc":{"start":{"line":11,"column":4},"end":{"line":11,"column":39}},"type":"if","locations":[{"start":{"line":11,"column":4},"end":{"line":11,"column":39}},{"start":{"line":11,"column":4},"end":{"line":11,"column":39}}],"line":11},"5":{"loc":{"start":{"line":11,"column":8},"end":{"line":11,"column":25}},"type":"binary-expr","locations":[{"start":{"line":11,"column":8},"end":{"line":11,"column":16}},{"start":{"line":11,"column":20},"end":{"line":11,"column":25}}],"line":11},"6":{"loc":{"start":{"line":14,"column":37},"end":{"line":14,"column":61}},"type":"binary-expr","locations":[{"start":{"line":14,"column":37},"end":{"line":14,"column":53}},{"start":{"line":14,"column":57},"end":{"line":14,"column":61}}],"line":14},"7":{"loc":{"start":{"line":16,"column":27},"end":{"line":16,"column":96}},"type":"cond-expr","locations":[{"start":{"line":16,"column":83},"end":{"line":16,"column":91}},{"start":{"line":16,"column":94},"end":{"line":16,"column":96}}],"line":16},"8":{"loc":{"start":{"line":16,"column":27},"end":{"line":16,"column":80}},"type":"binary-expr","locations":[{"start":{"line":16,"column":27},"end":{"line":16,"column":47}},{"start":{"line":16,"column":51},"end":{"line":16,"column":80}}],"line":16},"9":{"loc":{"start":{"line":17,"column":24},"end":{"line":17,"column":95}},"type":"cond-expr","locations":[{"start":{"line":17,"column":80},"end":{"line":17,"column":90}},{"start":{"line":17,"column":93},"end":{"line":17,"column":95}}],"line":17},"10":{"loc":{"start":{"line":17,"column":24},"end":{"line":17,"column":77}},"type":"binary-expr","locations":[{"start":{"line":17,"column":24},"end":{"line":17,"column":44}},{"start":{"line":17,"column":48},"end":{"line":17,"column":77}}],"line":17},"11":{"loc":{"start":{"line":18,"column":30},"end":{"line":18,"column":101}},"type":"cond-expr","locations":[{"start":{"line":18,"column":86},"end":{"line":18,"column":96}},{"start":{"line":18,"column":99},"end":{"line":18,"column":101}}],"line":18},"12":{"loc":{"start":{"line":18,"column":30},"end":{"line":18,"column":83}},"type":"binary-expr","locations":[{"start":{"line":18,"column":30},"end":{"line":18,"column":50}},{"start":{"line":18,"column":54},"end":{"line":18,"column":83}}],"line":18},"13":{"loc":{"start":{"line":20,"column":23},"end":{"line":20,"column":101}},"type":"if","locations":[{"start":{"line":20,"column":23},"end":{"line":20,"column":101}},{"start":{"line":20,"column":23},"end":{"line":20,"column":101}}],"line":20},"14":{"loc":{"start":{"line":20,"column":27},"end":{"line":20,"column":80}},"type":"binary-expr","locations":[{"start":{"line":20,"column":27},"end":{"line":20,"column":47}},{"start":{"line":20,"column":51},"end":{"line":20,"column":80}}],"line":20},"15":{"loc":{"start":{"line":25,"column":13},"end":{"line":25,"column":63}},"type":"cond-expr","locations":[{"start":{"line":25,"column":20},"end":{"line":25,"column":56}},{"start":{"line":25,"column":59},"end":{"line":25,"column":63}}],"line":25},"16":{"loc":{"start":{"line":26,"column":13},"end":{"line":26,"column":46}},"type":"cond-expr","locations":[{"start":{"line":26,"column":23},"end":{"line":26,"column":39}},{"start":{"line":26,"column":42},"end":{"line":26,"column":46}}],"line":26}},"s":{"0":1,"1":16,"2":16,"3":16,"4":2,"5":14,"6":2,"7":1,"8":1},"f":{"0":16,"1":2},"b":{"0":[13,3],"1":[16,16],"2":[13,3],"3":[16,16],"4":[2,14],"5":[16,3],"6":[14,14],"7":[3,11],"8":[14,14],"9":[3,11],"10":[14,14],"11":[3,11],"12":[14,14],"13":[1,1],"14":[2,2],"15":[13,1],"16":[13,1]},"_coverageSchema":"1a1c01bbd47fc00a2c39e90264f33305004495a9","hash":"e3521eb9c7cb5d54e660bab0043afe7396700552"}
,"/Users/paque/Desktop/works/web-components-common/src/functional/Content.js": {"path":"/Users/paque/Desktop/works/web-components-common/src/functional/Content.js","statementMap":{"0":{"start":{"line":7,"column":16},"end":{"line":13,"column":1}},"1":{"start":{"line":8,"column":17},"end":{"line":8,"column":73}},"2":{"start":{"line":9,"column":4},"end":{"line":9,"column":27}},"3":{"start":{"line":9,"column":15},"end":{"line":9,"column":27}},"4":{"start":{"line":10,"column":4},"end":{"line":12,"column":6}},"5":{"start":{"line":15,"column":0},"end":{"line":18,"column":1}}},"fnMap":{"0":{"name":"(anonymous_0)","decl":{"start":{"line":7,"column":16},"end":{"line":7,"column":17}},"loc":{"start":{"line":7,"column":39},"end":{"line":13,"column":1}},"line":7}},"branchMap":{"0":{"loc":{"start":{"line":8,"column":17},"end":{"line":8,"column":73}},"type":"cond-expr","locations":[{"start":{"line":8,"column":38},"end":{"line":8,"column":66}},{"start":{"line":8,"column":69},"end":{"line":8,"column":73}}],"line":8},"1":{"loc":{"start":{"line":9,"column":4},"end":{"line":9,"column":27}},"type":"if","locations":[{"start":{"line":9,"column":4},"end":{"line":9,"column":27}},{"start":{"line":9,"column":4},"end":{"line":9,"column":27}}],"line":9}},"s":{"0":3,"1":12,"2":12,"3":2,"4":10,"5":3},"f":{"0":12},"b":{"0":[11,1],"1":[2,10]},"_coverageSchema":"1a1c01bbd47fc00a2c39e90264f33305004495a9","hash":"b1891e0881f6f5db3b8114476e1e1840ae38afbb"}
,"/Users/paque/Desktop/works/web-components-common/src/functional/ContentMarkdownRemark.js": {"path":"/Users/paque/Desktop/works/web-components-common/src/functional/ContentMarkdownRemark.js","statementMap":{"0":{"start":{"line":7,"column":30},"end":{"line":13,"column":1}},"1":{"start":{"line":8,"column":17},"end":{"line":8,"column":97}},"2":{"start":{"line":9,"column":4},"end":{"line":9,"column":27}},"3":{"start":{"line":9,"column":15},"end":{"line":9,"column":27}},"4":{"start":{"line":10,"column":4},"end":{"line":12,"column":6}},"5":{"start":{"line":15,"column":0},"end":{"line":18,"column":1}}},"fnMap":{"0":{"name":"(anonymous_0)","decl":{"start":{"line":7,"column":30},"end":{"line":7,"column":31}},"loc":{"start":{"line":7,"column":53},"end":{"line":13,"column":1}},"line":7}},"branchMap":{"0":{"loc":{"start":{"line":8,"column":17},"end":{"line":8,"column":97}},"type":"cond-expr","locations":[{"start":{"line":8,"column":58},"end":{"line":8,"column":90}},{"start":{"line":8,"column":93},"end":{"line":8,"column":97}}],"line":8},"1":{"loc":{"start":{"line":8,"column":17},"end":{"line":8,"column":55}},"type":"binary-expr","locations":[{"start":{"line":8,"column":17},"end":{"line":8,"column":24}},{"start":{"line":8,"column":28},"end":{"line":8,"column":55}}],"line":8},"2":{"loc":{"start":{"line":9,"column":4},"end":{"line":9,"column":27}},"type":"if","locations":[{"start":{"line":9,"column":4},"end":{"line":9,"column":27}},{"start":{"line":9,"column":4},"end":{"line":9,"column":27}}],"line":9}},"s":{"0":1,"1":3,"2":3,"3":1,"4":2,"5":1},"f":{"0":3},"b":{"0":[2,1],"1":[3,3],"2":[1,2]},"_coverageSchema":"1a1c01bbd47fc00a2c39e90264f33305004495a9","hash":"aeeb5b5f92a040a22ba58211e49a1d6a74ac761d"}
,"/Users/paque/Desktop/works/web-components-common/src/functional/Image.js": {"path":"/Users/paque/Desktop/works/web-components-common/src/functional/Image.js","statementMap":{"0":{"start":{"line":8,"column":14},"end":{"line":20,"column":1}},"1":{"start":{"line":9,"column":26},"end":{"line":9,"column":76}},"2":{"start":{"line":10,"column":18},"end":{"line":10,"column":41}},"3":{"start":{"line":11,"column":17},"end":{"line":11,"column":97}},"4":{"start":{"line":12,"column":16},"end":{"line":12,"column":74}},"5":{"start":{"line":14,"column":4},"end":{"line":14,"column":27}},"6":{"start":{"line":14,"column":15},"end":{"line":14,"column":27}},"7":{"start":{"line":15,"column":4},"end":{"line":19,"column":5}},"8":{"start":{"line":22,"column":0},"end":{"line":27,"column":2}}},"fnMap":{"0":{"name":"(anonymous_0)","decl":{"start":{"line":8,"column":14},"end":{"line":8,"column":15}},"loc":{"start":{"line":8,"column":65},"end":{"line":20,"column":1}},"line":8}},"branchMap":{"0":{"loc":{"start":{"line":11,"column":17},"end":{"line":11,"column":97}},"type":"cond-expr","locations":[{"start":{"line":11,"column":55},"end":{"line":11,"column":90}},{"start":{"line":11,"column":93},"end":{"line":11,"column":97}}],"line":11},"1":{"loc":{"start":{"line":12,"column":16},"end":{"line":12,"column":74}},"type":"cond-expr","locations":[{"start":{"line":12,"column":50},"end":{"line":12,"column":69}},{"start":{"line":12,"column":72},"end":{"line":12,"column":74}}],"line":12},"2":{"loc":{"start":{"line":12,"column":16},"end":{"line":12,"column":48}},"type":"binary-expr","locations":[{"start":{"line":12,"column":16},"end":{"line":12,"column":25}},{"start":{"line":12,"column":29},"end":{"line":12,"column":48}}],"line":12},"3":{"loc":{"start":{"line":14,"column":4},"end":{"line":14,"column":27}},"type":"if","locations":[{"start":{"line":14,"column":4},"end":{"line":14,"column":27}},{"start":{"line":14,"column":4},"end":{"line":14,"column":27}}],"line":14},"4":{"loc":{"start":{"line":17,"column":37},"end":{"line":17,"column":58}},"type":"binary-expr","locations":[{"start":{"line":17,"column":37},"end":{"line":17,"column":52}},{"start":{"line":17,"column":56},"end":{"line":17,"column":58}}],"line":17}},"s":{"0":2,"1":11,"2":11,"3":11,"4":11,"5":11,"6":1,"7":10,"8":2},"f":{"0":11},"b":{"0":[10,1],"1":[10,1],"2":[11,11],"3":[1,10],"4":[10,1]},"_coverageSchema":"1a1c01bbd47fc00a2c39e90264f33305004495a9","hash":"d12a856c9950dbdb3bda1f97eaa837ce13859395"}
,"/Users/paque/Desktop/works/web-components-common/src/functional/ImageClickable.js": {"path":"/Users/paque/Desktop/works/web-components-common/src/functional/ImageClickable.js","statementMap":{"0":{"start":{"line":8,"column":23},"end":{"line":38,"column":1}},"1":{"start":{"line":9,"column":26},"end":{"line":9,"column":76}},"2":{"start":{"line":10,"column":18},"end":{"line":10,"column":41}},"3":{"start":{"line":11,"column":17},"end":{"line":11,"column":97}},"4":{"start":{"line":12,"column":16},"end":{"line":12,"column":74}},"5":{"start":{"line":14,"column":4},"end":{"line":14,"column":27}},"6":{"start":{"line":14,"column":15},"end":{"line":14,"column":27}},"7":{"start":{"line":15,"column":4},"end":{"line":36,"column":5}},"8":{"start":{"line":16,"column":8},"end":{"line":20,"column":9}},"9":{"start":{"line":22,"column":8},"end":{"line":35,"column":9}},"10":{"start":{"line":29,"column":38},"end":{"line":29,"column":152}},"11":{"start":{"line":29,"column":133},"end":{"line":29,"column":152}},"12":{"start":{"line":40,"column":0},"end":{"line":46,"column":2}}},"fnMap":{"0":{"name":"(anonymous_0)","decl":{"start":{"line":8,"column":23},"end":{"line":8,"column":24}},"loc":{"start":{"line":8,"column":80},"end":{"line":38,"column":1}},"line":8},"1":{"name":"(anonymous_1)","decl":{"start":{"line":28,"column":43},"end":{"line":28,"column":44}},"loc":{"start":{"line":28,"column":50},"end":{"line":30,"column":35}},"line":28}},"branchMap":{"0":{"loc":{"start":{"line":11,"column":17},"end":{"line":11,"column":97}},"type":"cond-expr","locations":[{"start":{"line":11,"column":55},"end":{"line":11,"column":90}},{"start":{"line":11,"column":93},"end":{"line":11,"column":97}}],"line":11},"1":{"loc":{"start":{"line":12,"column":16},"end":{"line":12,"column":74}},"type":"cond-expr","locations":[{"start":{"line":12,"column":50},"end":{"line":12,"column":69}},{"start":{"line":12,"column":72},"end":{"line":12,"column":74}}],"line":12},"2":{"loc":{"start":{"line":12,"column":16},"end":{"line":12,"column":48}},"type":"binary-expr","locations":[{"start":{"line":12,"column":16},"end":{"line":12,"column":25}},{"start":{"line":12,"column":29},"end":{"line":12,"column":48}}],"line":12},"3":{"loc":{"start":{"line":14,"column":4},"end":{"line":14,"column":27}},"type":"if","locations":[{"start":{"line":14,"column":4},"end":{"line":14,"column":27}},{"start":{"line":14,"column":4},"end":{"line":14,"column":27}}],"line":14},"4":{"loc":{"start":{"line":15,"column":4},"end":{"line":36,"column":5}},"type":"if","locations":[{"start":{"line":15,"column":4},"end":{"line":36,"column":5}},{"start":{"line":15,"column":4},"end":{"line":36,"column":5}}],"line":15},"5":{"loc":{"start":{"line":18,"column":41},"end":{"line":18,"column":62}},"type":"binary-expr","locations":[{"start":{"line":18,"column":41},"end":{"line":18,"column":56}},{"start":{"line":18,"column":60},"end":{"line":18,"column":62}}],"line":18},"6":{"loc":{"start":{"line":24,"column":38},"end":{"line":24,"column":87}},"type":"cond-expr","locations":[{"start":{"line":24,"column":76},"end":{"line":24,"column":79}},{"start":{"line":24,"column":82},"end":{"line":24,"column":87}}],"line":24},"7":{"loc":{"start":{"line":24,"column":38},"end":{"line":24,"column":73}},"type":"binary-expr","locations":[{"start":{"line":24,"column":38},"end":{"line":24,"column":42}},{"start":{"line":24,"column":46},"end":{"line":24,"column":73}}],"line":24},"8":{"loc":{"start":{"line":25,"column":42},"end":{"line":25,"column":94}},"type":"cond-expr","locations":[{"start":{"line":25,"column":81},"end":{"line":25,"column":89}},{"start":{"line":25,"column":92},"end":{"line":25,"column":94}}],"line":25},"9":{"loc":{"start":{"line":25,"column":42},"end":{"line":25,"column":78}},"type":"binary-expr","locations":[{"start":{"line":25,"column":42},"end":{"line":25,"column":46}},{"start":{"line":25,"column":50},"end":{"line":25,"column":78}}],"line":25},"10":{"loc":{"start":{"line":26,"column":39},"end":{"line":26,"column":93}},"type":"cond-expr","locations":[{"start":{"line":26,"column":78},"end":{"line":26,"column":88}},{"start":{"line":26,"column":91},"end":{"line":26,"column":93}}],"line":26},"11":{"loc":{"start":{"line":26,"column":39},"end":{"line":26,"column":75}},"type":"binary-expr","locations":[{"start":{"line":26,"column":39},"end":{"line":26,"column":43}},{"start":{"line":26,"column":47},"end":{"line":26,"column":75}}],"line":26},"12":{"loc":{"start":{"line":27,"column":40},"end":{"line":27,"column":110}},"type":"cond-expr","locations":[{"start":{"line":27,"column":78},"end":{"line":27,"column":105}},{"start":{"line":27,"column":108},"end":{"line":27,"column":110}}],"line":27},"13":{"loc":{"start":{"line":27,"column":40},"end":{"line":27,"column":75}},"type":"binary-expr","locations":[{"start":{"line":27,"column":40},"end":{"line":27,"column":44}},{"start":{"line":27,"column":48},"end":{"line":27,"column":75}}],"line":27},"14":{"loc":{"start":{"line":29,"column":38},"end":{"line":29,"column":152}},"type":"if","locations":[{"start":{"line":29,"column":38},"end":{"line":29,"column":152}},{"start":{"line":29,"column":38},"end":{"line":29,"column":152}}],"line":29},"15":{"loc":{"start":{"line":29,"column":42},"end":{"line":29,"column":131}},"type":"binary-expr","locations":[{"start":{"line":29,"column":42},"end":{"line":29,"column":47}},{"start":{"line":29,"column":52},"end":{"line":29,"column":56}},{"start":{"line":29,"column":60},"end":{"line":29,"column":88}},{"start":{"line":29,"column":94},"end":{"line":29,"column":98}},{"start":{"line":29,"column":102},"end":{"line":29,"column":130}}],"line":29},"16":{"loc":{"start":{"line":33,"column":41},"end":{"line":33,"column":62}},"type":"binary-expr","locations":[{"start":{"line":33,"column":41},"end":{"line":33,"column":56}},{"start":{"line":33,"column":60},"end":{"line":33,"column":62}}],"line":33}},"s":{"0":1,"1":20,"2":20,"3":20,"4":20,"5":20,"6":1,"7":19,"8":0,"9":19,"10":2,"11":1,"12":1},"f":{"0":20,"1":2},"b":{"0":[19,1],"1":[17,3],"2":[20,20],"3":[1,19],"4":[0,19],"5":[0,0],"6":[16,3],"7":[19,19],"8":[4,15],"9":[19,19],"10":[4,15],"11":[19,19],"12":[16,3],"13":[19,19],"14":[1,1],"15":[2,2,2,2,2],"16":[19,0]},"_coverageSchema":"1a1c01bbd47fc00a2c39e90264f33305004495a9","hash":"12293c637e26597bac2253c0c44393a4eb6f10eb"}
,"/Users/paque/Desktop/works/web-components-common/src/functional/Text.js": {"path":"/Users/paque/Desktop/works/web-components-common/src/functional/Text.js","statementMap":{"0":{"start":{"line":7,"column":13},"end":{"line":11,"column":1}},"1":{"start":{"line":8,"column":20},"end":{"line":8,"column":76}},"2":{"start":{"line":9,"column":4},"end":{"line":9,"column":30}},"3":{"start":{"line":9,"column":18},"end":{"line":9,"column":30}},"4":{"start":{"line":10,"column":4},"end":{"line":10,"column":73}},"5":{"start":{"line":13,"column":0},"end":{"line":16,"column":2}}},"fnMap":{"0":{"name":"(anonymous_0)","decl":{"start":{"line":7,"column":13},"end":{"line":7,"column":14}},"loc":{"start":{"line":7,"column":36},"end":{"line":11,"column":1}},"line":7}},"branchMap":{"0":{"loc":{"start":{"line":8,"column":20},"end":{"line":8,"column":76}},"type":"cond-expr","locations":[{"start":{"line":8,"column":41},"end":{"line":8,"column":69}},{"start":{"line":8,"column":72},"end":{"line":8,"column":76}}],"line":8},"1":{"loc":{"start":{"line":9,"column":4},"end":{"line":9,"column":30}},"type":"if","locations":[{"start":{"line":9,"column":4},"end":{"line":9,"column":30}},{"start":{"line":9,"column":4},"end":{"line":9,"column":30}}],"line":9}},"s":{"0":3,"1":28,"2":28,"3":2,"4":26,"5":3},"f":{"0":28},"b":{"0":[27,1],"1":[2,26]},"_coverageSchema":"1a1c01bbd47fc00a2c39e90264f33305004495a9","hash":"9a2409e61a2d7dbde57bba277fdbc870f9f5c6f0"}
,"/Users/paque/Desktop/works/web-components-common/src/functional/TextCustomContent.js": {"path":"/Users/paque/Desktop/works/web-components-common/src/functional/TextCustomContent.js","statementMap":{"0":{"start":{"line":7,"column":26},"end":{"line":10,"column":1}},"1":{"start":{"line":8,"column":4},"end":{"line":8,"column":30}},"2":{"start":{"line":8,"column":18},"end":{"line":8,"column":30}},"3":{"start":{"line":9,"column":4},"end":{"line":9,"column":75}},"4":{"start":{"line":12,"column":0},"end":{"line":15,"column":2}}},"fnMap":{"0":{"name":"(anonymous_0)","decl":{"start":{"line":7,"column":26},"end":{"line":7,"column":27}},"loc":{"start":{"line":7,"column":48},"end":{"line":10,"column":1}},"line":7}},"branchMap":{"0":{"loc":{"start":{"line":8,"column":4},"end":{"line":8,"column":30}},"type":"if","locations":[{"start":{"line":8,"column":4},"end":{"line":8,"column":30}},{"start":{"line":8,"column":4},"end":{"line":8,"column":30}}],"line":8}},"s":{"0":1,"1":3,"2":1,"3":2,"4":1},"f":{"0":3},"b":{"0":[1,2]},"_coverageSchema":"1a1c01bbd47fc00a2c39e90264f33305004495a9","hash":"6ce33eb1e294d25cef61006fa5d7602cccf74f30"}
,"/Users/paque/Desktop/works/web-components-common/src/styles/common.styled.js": {"path":"/Users/paque/Desktop/works/web-components-common/src/styles/common.styled.js","statementMap":{"0":{"start":{"line":15,"column":31},"end":{"line":83,"column":1}},"1":{"start":{"line":15,"column":58},"end":{"line":22,"column":1}},"2":{"start":{"line":30,"column":15},"end":{"line":60,"column":12}},"3":{"start":{"line":30,"column":49},"end":{"line":60,"column":11}},"4":{"start":{"line":63,"column":17},"end":{"line":81,"column":17}},"5":{"start":{"line":63,"column":84},"end":{"line":81,"column":11}},"6":{"start":{"line":85,"column":26},"end":{"line":103,"column":1}},"7":{"start":{"line":85,"column":51},"end":{"line":90,"column":1}},"8":{"start":{"line":91,"column":15},"end":{"line":100,"column":11}},"9":{"start":{"line":91,"column":44},"end":{"line":100,"column":10}},"10":{"start":{"line":105,"column":29},"end":{"line":142,"column":1}},"11":{"start":{"line":105,"column":56},"end":{"line":109,"column":1}},"12":{"start":{"line":113,"column":15},"end":{"line":125,"column":12}},"13":{"start":{"line":113,"column":44},"end":{"line":125,"column":11}},"14":{"start":{"line":144,"column":36},"end":{"line":187,"column":1}},"15":{"start":{"line":144,"column":63},"end":{"line":148,"column":1}},"16":{"start":{"line":153,"column":15},"end":{"line":185,"column":12}},"17":{"start":{"line":153,"column":44},"end":{"line":185,"column":11}},"18":{"start":{"line":189,"column":25},"end":{"line":303,"column":1}},"19":{"start":{"line":189,"column":50},"end":{"line":196,"column":1}},"20":{"start":{"line":208,"column":15},"end":{"line":302,"column":11}},"21":{"start":{"line":208,"column":44},"end":{"line":302,"column":10}},"22":{"start":{"line":305,"column":26},"end":{"line":335,"column":1}},"23":{"start":{"line":305,"column":51},"end":{"line":308,"column":1}},"24":{"start":{"line":320,"column":15},"end":{"line":334,"column":11}},"25":{"start":{"line":320,"column":44},"end":{"line":334,"column":10}}},"fnMap":{"0":{"name":"(anonymous_0)","decl":{"start":{"line":15,"column":48},"end":{"line":15,"column":49}},"loc":{"start":{"line":15,"column":58},"end":{"line":22,"column":1}},"line":15},"1":{"name":"(anonymous_1)","decl":{"start":{"line":30,"column":6},"end":{"line":30,"column":7}},"loc":{"start":{"line":30,"column":15},"end":{"line":60,"column":12}},"line":30},"2":{"name":"(anonymous_2)","decl":{"start":{"line":30,"column":36},"end":{"line":30,"column":37}},"loc":{"start":{"line":30,"column":49},"end":{"line":60,"column":11}},"line":30},"3":{"name":"(anonymous_3)","decl":{"start":{"line":63,"column":7},"end":{"line":63,"column":8}},"loc":{"start":{"line":63,"column":17},"end":{"line":81,"column":17}},"line":63},"4":{"name":"(anonymous_4)","decl":{"start":{"line":63,"column":71},"end":{"line":63,"column":72}},"loc":{"start":{"line":63,"column":84},"end":{"line":81,"column":11}},"line":63},"5":{"name":"(anonymous_5)","decl":{"start":{"line":85,"column":41},"end":{"line":85,"column":42}},"loc":{"start":{"line":85,"column":51},"end":{"line":90,"column":1}},"line":85},"6":{"name":"(anonymous_6)","decl":{"start":{"line":91,"column":6},"end":{"line":91,"column":7}},"loc":{"start":{"line":91,"column":15},"end":{"line":100,"column":11}},"line":91},"7":{"name":"(anonymous_7)","decl":{"start":{"line":91,"column":36},"end":{"line":91,"column":37}},"loc":{"start":{"line":91,"column":44},"end":{"line":100,"column":10}},"line":91},"8":{"name":"(anonymous_8)","decl":{"start":{"line":105,"column":46},"end":{"line":105,"column":47}},"loc":{"start":{"line":105,"column":56},"end":{"line":109,"column":1}},"line":105},"9":{"name":"(anonymous_9)","decl":{"start":{"line":113,"column":6},"end":{"line":113,"column":7}},"loc":{"start":{"line":113,"column":15},"end":{"line":125,"column":12}},"line":113},"10":{"name":"(anonymous_10)","decl":{"start":{"line":113,"column":36},"end":{"line":113,"column":37}},"loc":{"start":{"line":113,"column":44},"end":{"line":125,"column":11}},"line":113},"11":{"name":"(anonymous_11)","decl":{"start":{"line":144,"column":53},"end":{"line":144,"column":54}},"loc":{"start":{"line":144,"column":63},"end":{"line":148,"column":1}},"line":144},"12":{"name":"(anonymous_12)","decl":{"start":{"line":153,"column":6},"end":{"line":153,"column":7}},"loc":{"start":{"line":153,"column":15},"end":{"line":185,"column":12}},"line":153},"13":{"name":"(anonymous_13)","decl":{"start":{"line":153,"column":36},"end":{"line":153,"column":37}},"loc":{"start":{"line":153,"column":44},"end":{"line":185,"column":11}},"line":153},"14":{"name":"(anonymous_14)","decl":{"start":{"line":189,"column":40},"end":{"line":189,"column":41}},"loc":{"start":{"line":189,"column":50},"end":{"line":196,"column":1}},"line":189},"15":{"name":"(anonymous_15)","decl":{"start":{"line":208,"column":6},"end":{"line":208,"column":7}},"loc":{"start":{"line":208,"column":15},"end":{"line":302,"column":11}},"line":208},"16":{"name":"(anonymous_16)","decl":{"start":{"line":208,"column":36},"end":{"line":208,"column":37}},"loc":{"start":{"line":208,"column":44},"end":{"line":302,"column":10}},"line":208},"17":{"name":"(anonymous_17)","decl":{"start":{"line":305,"column":41},"end":{"line":305,"column":42}},"loc":{"start":{"line":305,"column":51},"end":{"line":308,"column":1}},"line":305},"18":{"name":"(anonymous_18)","decl":{"start":{"line":320,"column":6},"end":{"line":320,"column":7}},"loc":{"start":{"line":320,"column":15},"end":{"line":334,"column":11}},"line":320},"19":{"name":"(anonymous_19)","decl":{"start":{"line":320,"column":36},"end":{"line":320,"column":37}},"loc":{"start":{"line":320,"column":44},"end":{"line":334,"column":10}},"line":320}},"branchMap":{"0":{"loc":{"start":{"line":33,"column":15},"end":{"line":33,"column":65}},"type":"cond-expr","locations":[{"start":{"line":33,"column":29},"end":{"line":33,"column":60}},{"start":{"line":33,"column":63},"end":{"line":33,"column":65}}],"line":33},"1":{"loc":{"start":{"line":34,"column":15},"end":{"line":34,"column":68}},"type":"cond-expr","locations":[{"start":{"line":34,"column":29},"end":{"line":34,"column":63}},{"start":{"line":34,"column":66},"end":{"line":34,"column":68}}],"line":34},"2":{"loc":{"start":{"line":35,"column":15},"end":{"line":35,"column":67}},"type":"cond-expr","locations":[{"start":{"line":35,"column":29},"end":{"line":35,"column":62}},{"start":{"line":35,"column":65},"end":{"line":35,"column":67}}],"line":35},"3":{"loc":{"start":{"line":36,"column":15},"end":{"line":36,"column":70}},"type":"cond-expr","locations":[{"start":{"line":36,"column":31},"end":{"line":36,"column":65}},{"start":{"line":36,"column":68},"end":{"line":36,"column":70}}],"line":36},"4":{"loc":{"start":{"line":37,"column":15},"end":{"line":37,"column":75}},"type":"cond-expr","locations":[{"start":{"line":37,"column":31},"end":{"line":37,"column":70}},{"start":{"line":37,"column":73},"end":{"line":37,"column":75}}],"line":37},"5":{"loc":{"start":{"line":39,"column":15},"end":{"line":41,"column":16}},"type":"cond-expr","locations":[{"start":{"line":40,"column":19},"end":{"line":40,"column":120}},{"start":{"line":41,"column":14},"end":{"line":41,"column":16}}],"line":39},"6":{"loc":{"start":{"line":39,"column":15},"end":{"line":39,"column":55}},"type":"binary-expr","locations":[{"start":{"line":39,"column":15},"end":{"line":39,"column":26}},{"start":{"line":39,"column":31},"end":{"line":39,"column":55}}],"line":39},"7":{"loc":{"start":{"line":40,"column":19},"end":{"line":40,"column":120}},"type":"cond-expr","locations":[{"start":{"line":40,"column":63},"end":{"line":40,"column":115}},{"start":{"line":40,"column":118},"end":{"line":40,"column":120}}],"line":40},"8":{"loc":{"start":{"line":49,"column":18},"end":{"line":51,"column":30}},"type":"cond-expr","locations":[{"start":{"line":49,"column":86},"end":{"line":51,"column":17}},{"start":{"line":51,"column":20},"end":{"line":51,"column":30}}],"line":49},"9":{"loc":{"start":{"line":49,"column":18},"end":{"line":49,"column":83}},"type":"binary-expr","locations":[{"start":{"line":49,"column":18},"end":{"line":49,"column":46}},{"start":{"line":49,"column":51},"end":{"line":49,"column":83}}],"line":49},"10":{"loc":{"start":{"line":54,"column":17},"end":{"line":54,"column":72}},"type":"cond-expr","locations":[{"start":{"line":54,"column":31},"end":{"line":54,"column":68}},{"start":{"line":54,"column":70},"end":{"line":54,"column":72}}],"line":54},"11":{"loc":{"start":{"line":56,"column":18},"end":{"line":58,"column":21}},"type":"cond-expr","locations":[{"start":{"line":56,"column":96},"end":{"line":58,"column":16}},{"start":{"line":58,"column":19},"end":{"line":58,"column":21}}],"line":56},"12":{"loc":{"start":{"line":56,"column":18},"end":{"line":56,"column":93}},"type":"binary-expr","locations":[{"start":{"line":56,"column":18},"end":{"line":56,"column":50}},{"start":{"line":56,"column":54},"end":{"line":56,"column":93}}],"line":56},"13":{"loc":{"start":{"line":63,"column":17},"end":{"line":81,"column":17}},"type":"cond-expr","locations":[{"start":{"line":63,"column":43},"end":{"line":81,"column":12}},{"start":{"line":81,"column":15},"end":{"line":81,"column":17}}],"line":63},"14":{"loc":{"start":{"line":76,"column":18},"end":{"line":76,"column":102}},"type":"cond-expr","locations":[{"start":{"line":76,"column":32},"end":{"line":76,"column":97}},{"start":{"line":76,"column":100},"end":{"line":76,"column":102}}],"line":76},"15":{"loc":{"start":{"line":79,"column":18},"end":{"line":79,"column":106}},"type":"cond-expr","locations":[{"start":{"line":79,"column":32},"end":{"line":79,"column":101}},{"start":{"line":79,"column":104},"end":{"line":79,"column":106}}],"line":79},"16":{"loc":{"start":{"line":95,"column":15},"end":{"line":95,"column":79}},"type":"cond-expr","locations":[{"start":{"line":95,"column":34},"end":{"line":95,"column":74}},{"start":{"line":95,"column":77},"end":{"line":95,"column":79}}],"line":95},"17":{"loc":{"start":{"line":96,"column":15},"end":{"line":96,"column":85}},"type":"cond-expr","locations":[{"start":{"line":96,"column":34},"end":{"line":96,"column":80}},{"start":{"line":96,"column":83},"end":{"line":96,"column":85}}],"line":96},"18":{"loc":{"start":{"line":97,"column":15},"end":{"line":97,"column":68}},"type":"cond-expr","locations":[{"start":{"line":97,"column":29},"end":{"line":97,"column":63}},{"start":{"line":97,"column":66},"end":{"line":97,"column":68}}],"line":97},"19":{"loc":{"start":{"line":98,"column":15},"end":{"line":98,"column":70}},"type":"cond-expr","locations":[{"start":{"line":98,"column":31},"end":{"line":98,"column":65}},{"start":{"line":98,"column":68},"end":{"line":98,"column":70}}],"line":98},"20":{"loc":{"start":{"line":99,"column":15},"end":{"line":99,"column":75}},"type":"cond-expr","locations":[{"start":{"line":99,"column":31},"end":{"line":99,"column":70}},{"start":{"line":99,"column":73},"end":{"line":99,"column":75}}],"line":99},"21":{"loc":{"start":{"line":115,"column":15},"end":{"line":115,"column":79}},"type":"cond-expr","locations":[{"start":{"line":115,"column":34},"end":{"line":115,"column":74}},{"start":{"line":115,"column":77},"end":{"line":115,"column":79}}],"line":115},"22":{"loc":{"start":{"line":116,"column":15},"end":{"line":116,"column":86}},"type":"cond-expr","locations":[{"start":{"line":116,"column":35},"end":{"line":116,"column":81}},{"start":{"line":116,"column":84},"end":{"line":116,"column":86}}],"line":116},"23":{"loc":{"start":{"line":117,"column":15},"end":{"line":117,"column":69}},"type":"cond-expr","locations":[{"start":{"line":117,"column":30},"end":{"line":117,"column":64}},{"start":{"line":117,"column":67},"end":{"line":117,"column":69}}],"line":117},"24":{"loc":{"start":{"line":120,"column":18},"end":{"line":120,"column":89}},"type":"cond-expr","locations":[{"start":{"line":120,"column":38},"end":{"line":120,"column":84}},{"start":{"line":120,"column":87},"end":{"line":120,"column":89}}],"line":120},"25":{"loc":{"start":{"line":123,"column":18},"end":{"line":123,"column":82}},"type":"cond-expr","locations":[{"start":{"line":123,"column":37},"end":{"line":123,"column":77}},{"start":{"line":123,"column":80},"end":{"line":123,"column":82}}],"line":123},"26":{"loc":{"start":{"line":156,"column":15},"end":{"line":156,"column":71}},"type":"cond-expr","locations":[{"start":{"line":156,"column":29},"end":{"line":156,"column":66}},{"start":{"line":156,"column":69},"end":{"line":156,"column":71}}],"line":156},"27":{"loc":{"start":{"line":157,"column":15},"end":{"line":157,"column":65}},"type":"cond-expr","locations":[{"start":{"line":157,"column":29},"end":{"line":157,"column":60}},{"start":{"line":157,"column":63},"end":{"line":157,"column":65}}],"line":157},"28":{"loc":{"start":{"line":159,"column":16},"end":{"line":162,"column":22}},"type":"cond-expr","locations":[{"start":{"line":159,"column":96},"end":{"line":162,"column":17}},{"start":{"line":162,"column":20},"end":{"line":162,"column":22}}],"line":159},"29":{"loc":{"start":{"line":159,"column":16},"end":{"line":159,"column":93}},"type":"binary-expr","locations":[{"start":{"line":159,"column":16},"end":{"line":159,"column":27}},{"start":{"line":159,"column":31},"end":{"line":159,"column":53}},{"start":{"line":159,"column":57},"end":{"line":159,"column":93}}],"line":159},"30":{"loc":{"start":{"line":165,"column":15},"end":{"line":165,"column":68}},"type":"cond-expr","locations":[{"start":{"line":165,"column":29},"end":{"line":165,"column":63}},{"start":{"line":165,"column":66},"end":{"line":165,"column":68}}],"line":165},"31":{"loc":{"start":{"line":166,"column":15},"end":{"line":166,"column":67}},"type":"cond-expr","locations":[{"start":{"line":166,"column":29},"end":{"line":166,"column":62}},{"start":{"line":166,"column":65},"end":{"line":166,"column":67}}],"line":166},"32":{"loc":{"start":{"line":167,"column":15},"end":{"line":167,"column":69}},"type":"cond-expr","locations":[{"start":{"line":167,"column":30},"end":{"line":167,"column":64}},{"start":{"line":167,"column":67},"end":{"line":167,"column":69}}],"line":167},"33":{"loc":{"start":{"line":168,"column":15},"end":{"line":168,"column":74}},"type":"cond-expr","locations":[{"start":{"line":168,"column":30},"end":{"line":168,"column":69}},{"start":{"line":168,"column":72},"end":{"line":168,"column":74}}],"line":168},"34":{"loc":{"start":{"line":170,"column":26},"end":{"line":170,"column":70}},"type":"binary-expr","locations":[{"start":{"line":170,"column":26},"end":{"line":170,"column":64}},{"start":{"line":170,"column":68},"end":{"line":170,"column":70}}],"line":170},"35":{"loc":{"start":{"line":173,"column":20},"end":{"line":183,"column":18}},"type":"cond-expr","locations":[{"start":{"line":173,"column":60},"end":{"line":177,"column":17}},{"start":{"line":177,"column":21},"end":{"line":183,"column":17}}],"line":173},"36":{"loc":{"start":{"line":177,"column":21},"end":{"line":183,"column":17}},"type":"cond-expr","locations":[{"start":{"line":177,"column":105},"end":{"line":180,"column":17}},{"start":{"line":180,"column":20},"end":{"line":183,"column":17}}],"line":177},"37":{"loc":{"start":{"line":177,"column":21},"end":{"line":177,"column":102}},"type":"binary-expr","locations":[{"start":{"line":177,"column":21},"end":{"line":177,"column":59}},{"start":{"line":177,"column":63},"end":{"line":177,"column":102}}],"line":177},"38":{"loc":{"start":{"line":195,"column":23},"end":{"line":195,"column":53}},"type":"binary-expr","locations":[{"start":{"line":195,"column":23},"end":{"line":195,"column":45}},{"start":{"line":195,"column":49},"end":{"line":195,"column":53}}],"line":195},"39":{"loc":{"start":{"line":210,"column":15},"end":{"line":210,"column":80}},"type":"cond-expr","locations":[{"start":{"line":210,"column":29},"end":{"line":210,"column":75}},{"start":{"line":210,"column":78},"end":{"line":210,"column":80}}],"line":210},"40":{"loc":{"start":{"line":211,"column":15},"end":{"line":211,"column":65}},"type":"cond-expr","locations":[{"start":{"line":211,"column":29},"end":{"line":211,"column":60}},{"start":{"line":211,"column":63},"end":{"line":211,"column":65}}],"line":211},"41":{"loc":{"start":{"line":212,"column":15},"end":{"line":212,"column":68}},"type":"cond-expr","locations":[{"start":{"line":212,"column":29},"end":{"line":212,"column":63}},{"start":{"line":212,"column":66},"end":{"line":212,"column":68}}],"line":212},"42":{"loc":{"start":{"line":213,"column":15},"end":{"line":213,"column":67}},"type":"cond-expr","locations":[{"start":{"line":213,"column":29},"end":{"line":213,"column":62}},{"start":{"line":213,"column":65},"end":{"line":213,"column":67}}],"line":213},"43":{"loc":{"start":{"line":214,"column":15},"end":{"line":214,"column":69}},"type":"cond-expr","locations":[{"start":{"line":214,"column":30},"end":{"line":214,"column":64}},{"start":{"line":214,"column":67},"end":{"line":214,"column":69}}],"line":214},"44":{"loc":{"start":{"line":215,"column":15},"end":{"line":215,"column":83}},"type":"cond-expr","locations":[{"start":{"line":215,"column":30},"end":{"line":215,"column":78}},{"start":{"line":215,"column":81},"end":{"line":215,"column":83}}],"line":215},"45":{"loc":{"start":{"line":217,"column":28},"end":{"line":217,"column":64}},"type":"binary-expr","locations":[{"start":{"line":217,"column":28},"end":{"line":217,"column":58}},{"start":{"line":217,"column":62},"end":{"line":217,"column":64}}],"line":217},"46":{"loc":{"start":{"line":218,"column":26},"end":{"line":218,"column":70}},"type":"binary-expr","locations":[{"start":{"line":218,"column":26},"end":{"line":218,"column":64}},{"start":{"line":218,"column":68},"end":{"line":218,"column":70}}],"line":218},"47":{"loc":{"start":{"line":221,"column":19},"end":{"line":221,"column":81}},"type":"cond-expr","locations":[{"start":{"line":221,"column":32},"end":{"line":221,"column":76}},{"start":{"line":221,"column":79},"end":{"line":221,"column":81}}],"line":221},"48":{"loc":{"start":{"line":222,"column":19},"end":{"line":222,"column":77}},"type":"cond-expr","locations":[{"start":{"line":222,"column":32},"end":{"line":222,"column":72}},{"start":{"line":222,"column":75},"end":{"line":222,"column":77}}],"line":222},"49":{"loc":{"start":{"line":223,"column":19},"end":{"line":223,"column":70}},"type":"cond-expr","locations":[{"start":{"line":223,"column":32},"end":{"line":223,"column":65}},{"start":{"line":223,"column":68},"end":{"line":223,"column":70}}],"line":223},"50":{"loc":{"start":{"line":228,"column":19},"end":{"line":228,"column":93}},"type":"cond-expr","locations":[{"start":{"line":228,"column":38},"end":{"line":228,"column":88}},{"start":{"line":228,"column":91},"end":{"line":228,"column":93}}],"line":228},"51":{"loc":{"start":{"line":229,"column":19},"end":{"line":229,"column":89}},"type":"cond-expr","locations":[{"start":{"line":229,"column":38},"end":{"line":229,"column":84}},{"start":{"line":229,"column":87},"end":{"line":229,"column":89}}],"line":229},"52":{"loc":{"start":{"line":233,"column":19},"end":{"line":233,"column":84}},"type":"cond-expr","locations":[{"start":{"line":233,"column":33},"end":{"line":233,"column":79}},{"start":{"line":233,"column":82},"end":{"line":233,"column":84}}],"line":233},"53":{"loc":{"start":{"line":234,"column":19},"end":{"line":234,"column":87}},"type":"cond-expr","locations":[{"start":{"line":234,"column":34},"end":{"line":234,"column":82}},{"start":{"line":234,"column":85},"end":{"line":234,"column":87}}],"line":234},"54":{"loc":{"start":{"line":237,"column":23},"end":{"line":237,"column":97}},"type":"cond-expr","locations":[{"start":{"line":237,"column":42},"end":{"line":237,"column":92}},{"start":{"line":237,"column":95},"end":{"line":237,"column":97}}],"line":237},"55":{"loc":{"start":{"line":241,"column":23},"end":{"line":241,"column":85}},"type":"cond-expr","locations":[{"start":{"line":241,"column":36},"end":{"line":241,"column":80}},{"start":{"line":241,"column":83},"end":{"line":241,"column":85}}],"line":241},"56":{"loc":{"start":{"line":247,"column":19},"end":{"line":247,"column":87}},"type":"cond-expr","locations":[{"start":{"line":247,"column":33},"end":{"line":247,"column":82}},{"start":{"line":247,"column":85},"end":{"line":247,"column":87}}],"line":247},"57":{"loc":{"start":{"line":248,"column":19},"end":{"line":248,"column":90}},"type":"cond-expr","locations":[{"start":{"line":248,"column":34},"end":{"line":248,"column":85}},{"start":{"line":248,"column":88},"end":{"line":248,"column":90}}],"line":248},"58":{"loc":{"start":{"line":251,"column":23},"end":{"line":251,"column":100}},"type":"cond-expr","locations":[{"start":{"line":251,"column":42},"end":{"line":251,"column":95}},{"start":{"line":251,"column":98},"end":{"line":251,"column":100}}],"line":251},"59":{"loc":{"start":{"line":255,"column":22},"end":{"line":255,"column":87}},"type":"cond-expr","locations":[{"start":{"line":255,"column":35},"end":{"line":255,"column":82}},{"start":{"line":255,"column":85},"end":{"line":255,"column":87}}],"line":255},"60":{"loc":{"start":{"line":259,"column":23},"end":{"line":259,"column":91}},"type":"cond-expr","locations":[{"start":{"line":259,"column":37},"end":{"line":259,"column":86}},{"start":{"line":259,"column":89},"end":{"line":259,"column":91}}],"line":259},"61":{"loc":{"start":{"line":260,"column":23},"end":{"line":260,"column":94}},"type":"cond-expr","locations":[{"start":{"line":260,"column":38},"end":{"line":260,"column":89}},{"start":{"line":260,"column":92},"end":{"line":260,"column":94}}],"line":260},"62":{"loc":{"start":{"line":263,"column":27},"end":{"line":263,"column":104}},"type":"cond-expr","locations":[{"start":{"line":263,"column":46},"end":{"line":263,"column":99}},{"start":{"line":263,"column":102},"end":{"line":263,"column":104}}],"line":263},"63":{"loc":{"start":{"line":267,"column":27},"end":{"line":267,"column":92}},"type":"cond-expr","locations":[{"start":{"line":267,"column":40},"end":{"line":267,"column":87}},{"start":{"line":267,"column":90},"end":{"line":267,"column":92}}],"line":267},"64":{"loc":{"start":{"line":272,"column":15},"end":{"line":301,"column":18}},"type":"cond-expr","locations":[{"start":{"line":272,"column":40},"end":{"line":301,"column":13}},{"start":{"line":301,"column":16},"end":{"line":301,"column":18}}],"line":272},"65":{"loc":{"start":{"line":273,"column":19},"end":{"line":300,"column":20}},"type":"cond-expr","locations":[{"start":{"line":274,"column":16},"end":{"line":299,"column":17}},{"start":{"line":300,"column":18},"end":{"line":300,"column":20}}],"line":273},"66":{"loc":{"start":{"line":289,"column":27},"end":{"line":289,"column":102}},"type":"cond-expr","locations":[{"start":{"line":289,"column":46},"end":{"line":289,"column":97}},{"start":{"line":289,"column":100},"end":{"line":289,"column":102}}],"line":289},"67":{"loc":{"start":{"line":296,"column":31},"end":{"line":296,"column":106}},"type":"cond-expr","locations":[{"start":{"line":296,"column":50},"end":{"line":296,"column":101}},{"start":{"line":296,"column":104},"end":{"line":296,"column":106}}],"line":296},"68":{"loc":{"start":{"line":322,"column":15},"end":{"line":322,"column":65}},"type":"cond-expr","locations":[{"start":{"line":322,"column":28},"end":{"line":322,"column":60}},{"start":{"line":322,"column":63},"end":{"line":322,"column":65}}],"line":322},"69":{"loc":{"start":{"line":325,"column":19},"end":{"line":325,"column":81}},"type":"cond-expr","locations":[{"start":{"line":325,"column":32},"end":{"line":325,"column":76}},{"start":{"line":325,"column":79},"end":{"line":325,"column":81}}],"line":325},"70":{"loc":{"start":{"line":326,"column":19},"end":{"line":326,"column":77}},"type":"cond-expr","locations":[{"start":{"line":326,"column":32},"end":{"line":326,"column":72}},{"start":{"line":326,"column":75},"end":{"line":326,"column":77}}],"line":326},"71":{"loc":{"start":{"line":331,"column":23},"end":{"line":331,"column":85}},"type":"cond-expr","locations":[{"start":{"line":331,"column":36},"end":{"line":331,"column":80}},{"start":{"line":331,"column":83},"end":{"line":331,"column":85}}],"line":331}},"s":{"0":12,"1":17,"2":17,"3":51,"4":17,"5":17,"6":12,"7":28,"8":28,"9":84,"10":12,"11":12,"12":12,"13":28,"14":12,"15":38,"16":38,"17":114,"18":12,"19":32,"20":32,"21":96,"22":12,"23":0,"24":0,"25":0},"f":{"0":17,"1":17,"2":51,"3":17,"4":17,"5":28,"6":28,"7":84,"8":12,"9":12,"10":28,"11":38,"12":38,"13":114,"14":32,"15":32,"16":96,"17":0,"18":0,"19":0},"b":{"0":[51,0],"1":[51,0],"2":[51,0],"3":[51,0],"4":[51,0],"5":[0,51],"6":[51,51],"7":[0,0],"8":[51,0],"9":[51,51],"10":[51,0],"11":[0,51],"12":[51,0],"13":[17,0],"14":[17,0],"15":[17,0],"16":[48,36],"17":[48,36],"18":[48,36],"19":[36,48],"20":[36,48],"21":[24,4],"22":[24,4],"23":[24,4],"24":[24,4],"25":[24,4],"26":[114,0],"27":[114,0],"28":[0,114],"29":[114,114,114],"30":[114,0],"31":[114,0],"32":[114,0],"33":[114,0],"34":[114,0],"35":[114,0],"36":[0,0],"37":[0,0],"38":[32,32],"39":[96,0],"40":[96,0],"41":[96,0],"42":[96,0],"43":[96,0],"44":[96,0],"45":[96,0],"46":[96,0],"47":[96,0],"48":[96,0],"49":[96,0],"50":[96,0],"51":[96,0],"52":[96,0],"53":[96,0],"54":[96,0],"55":[96,0],"56":[96,0],"57":[96,0],"58":[96,0],"59":[96,0],"60":[96,0],"61":[96,0],"62":[96,0],"63":[96,0],"64":[0,96],"65":[0,0],"66":[0,0],"67":[0,0],"68":[0,0],"69":[0,0],"70":[0,0],"71":[0,0]},"_coverageSchema":"1a1c01bbd47fc00a2c39e90264f33305004495a9","hash":"f062483d25110185bb3e5e59d1f21807d04a00ef"}
,"/Users/paque/Desktop/works/web-components-common/src/styles/constants.js": {"path":"/Users/paque/Desktop/works/web-components-common/src/styles/constants.js","statementMap":{"0":{"start":{"line":1,"column":21},"end":{"line":21,"column":1}},"1":{"start":{"line":26,"column":20},"end":{"line":30,"column":1}},"2":{"start":{"line":32,"column":22},"end":{"line":37,"column":1}}},"fnMap":{},"branchMap":{},"s":{"0":12,"1":12,"2":12},"f":{},"b":{},"_coverageSchema":"1a1c01bbd47fc00a2c39e90264f33305004495a9","hash":"b8fb4e88d8c185f753def77f25579b3f7c1f7d77"}
,"/Users/paque/Desktop/works/web-components-common/src/test/mock/fields-data/atom.model.config.js": {"path":"/Users/paque/Desktop/works/web-components-common/src/test/mock/fields-data/atom.model.config.js","statementMap":{"0":{"start":{"line":1,"column":20},"end":{"line":8,"column":1}},"1":{"start":{"line":9,"column":30},"end":{"line":16,"column":1}},"2":{"start":{"line":18,"column":23},"end":{"line":23,"column":1}},"3":{"start":{"line":25,"column":30},"end":{"line":30,"column":1}},"4":{"start":{"line":32,"column":22},"end":{"line":32,"column":29}},"5":{"start":{"line":34,"column":27},"end":{"line":39,"column":1}},"6":{"start":{"line":41,"column":28},"end":{"line":46,"column":1}},"7":{"start":{"line":49,"column":31},"end":{"line":58,"column":1}},"8":{"start":{"line":59,"column":31},"end":{"line":68,"column":1}},"9":{"start":{"line":70,"column":31},"end":{"line":79,"column":1}},"10":{"start":{"line":82,"column":22},"end":{"line":82,"column":37}},"11":{"start":{"line":84,"column":31},"end":{"line":84,"column":53}},"12":{"start":{"line":85,"column":30},"end":{"line":85,"column":56}},"13":{"start":{"line":87,"column":23},"end":{"line":87,"column":35}},"14":{"start":{"line":88,"column":25},"end":{"line":88,"column":39}},"15":{"start":{"line":90,"column":26},"end":{"line":94,"column":1}},"16":{"start":{"line":97,"column":34},"end":{"line":99,"column":1}},"17":{"start":{"line":103,"column":21},"end":{"line":108,"column":1}},"18":{"start":{"line":110,"column":21},"end":{"line":115,"column":1}},"19":{"start":{"line":117,"column":22},"end":{"line":122,"column":1}},"20":{"start":{"line":124,"column":22},"end":{"line":129,"column":1}},"21":{"start":{"line":131,"column":27},"end":{"line":136,"column":1}},"22":{"start":{"line":138,"column":32},"end":{"line":144,"column":1}},"23":{"start":{"line":146,"column":43},"end":{"line":152,"column":1}},"24":{"start":{"line":154,"column":36},"end":{"line":160,"column":1}},"25":{"start":{"line":165,"column":25},"end":{"line":174,"column":1}},"26":{"start":{"line":175,"column":22},"end":{"line":184,"column":1}},"27":{"start":{"line":186,"column":22},"end":{"line":195,"column":1}},"28":{"start":{"line":197,"column":24},"end":{"line":203,"column":1}},"29":{"start":{"line":205,"column":25},"end":{"line":209,"column":1}},"30":{"start":{"line":210,"column":31},"end":{"line":214,"column":1}}},"fnMap":{},"branchMap":{},"s":{"0":14,"1":14,"2":14,"3":14,"4":14,"5":14,"6":14,"7":14,"8":14,"9":14,"10":14,"11":14,"12":14,"13":14,"14":14,"15":14,"16":14,"17":14,"18":14,"19":14,"20":14,"21":14,"22":14,"23":14,"24":14,"25":14,"26":14,"27":14,"28":14,"29":14,"30":14},"f":{},"b":{},"_coverageSchema":"1a1c01bbd47fc00a2c39e90264f33305004495a9","hash":"044cce57ae2cf033cf1087fd734e4d6bd79b09a9"}
,"/Users/paque/Desktop/works/web-components-common/src/test/mock/fields-data/molecules.model.config.js": {"path":"/Users/paque/Desktop/works/web-components-common/src/test/mock/fields-data/molecules.model.config.js","statementMap":{"0":{"start":{"line":14,"column":25},"end":{"line":33,"column":1}},"1":{"start":{"line":35,"column":25},"end":{"line":66,"column":1}},"2":{"start":{"line":68,"column":23},"end":{"line":78,"column":1}},"3":{"start":{"line":80,"column":31},"end":{"line":90,"column":1}},"4":{"start":{"line":96,"column":38},"end":{"line":148,"column":1}},"5":{"start":{"line":150,"column":35},"end":{"line":202,"column":1}},"6":{"start":{"line":204,"column":35},"end":{"line":256,"column":1}},"7":{"start":{"line":258,"column":38},"end":{"line":316,"column":1}},"8":{"start":{"line":318,"column":23},"end":{"line":369,"column":1}}},"fnMap":{},"branchMap":{},"s":{"0":13,"1":13,"2":13,"3":13,"4":13,"5":13,"6":13,"7":13,"8":13},"f":{},"b":{},"_coverageSchema":"1a1c01bbd47fc00a2c39e90264f33305004495a9","hash":"d7366ba03f22dcf611dd0e0984acf3ddab06e069"}
,"/Users/paque/Desktop/works/web-components-common/src/test/mock/fields-data/organism.model.config.js": {"path":"/Users/paque/Desktop/works/web-components-common/src/test/mock/fields-data/organism.model.config.js","statementMap":{"0":{"start":{"line":29,"column":27},"end":{"line":82,"column":1}},"1":{"start":{"line":84,"column":34},"end":{"line":132,"column":1}},"2":{"start":{"line":134,"column":32},"end":{"line":168,"column":1}},"3":{"start":{"line":170,"column":39},"end":{"line":201,"column":1}},"4":{"start":{"line":203,"column":37},"end":{"line":208,"column":1}},"5":{"start":{"line":210,"column":29},"end":{"line":220,"column":1}},"6":{"start":{"line":221,"column":31},"end":{"line":231,"column":1}},"7":{"start":{"line":233,"column":28},"end":{"line":239,"column":1}},"8":{"start":{"line":241,"column":34},"end":{"line":246,"column":1}},"9":{"start":{"line":248,"column":35},"end":{"line":273,"column":1}},"10":{"start":{"line":276,"column":44},"end":{"line":307,"column":1}}},"fnMap":{},"branchMap":{},"s":{"0":13,"1":13,"2":13,"3":13,"4":13,"5":13,"6":13,"7":13,"8":13,"9":13,"10":13},"f":{},"b":{},"_coverageSchema":"1a1c01bbd47fc00a2c39e90264f33305004495a9","hash":"b189a1b4180413205b07e62240de49085dc601ce"}
,"/Users/paque/Desktop/works/web-components-common/src/utils/StyleGenerator.js": {"path":"/Users/paque/Desktop/works/web-components-common/src/utils/StyleGenerator.js","statementMap":{"0":{"start":{"line":5,"column":24},"end":{"line":42,"column":1}},"1":{"start":{"line":6,"column":4},"end":{"line":24,"column":5}},"2":{"start":{"line":7,"column":8},"end":{"line":23,"column":9}},"3":{"start":{"line":25,"column":4},"end":{"line":41,"column":5}},"4":{"start":{"line":44,"column":23},"end":{"line":81,"column":1}},"5":{"start":{"line":45,"column":4},"end":{"line":63,"column":5}},"6":{"start":{"line":46,"column":8},"end":{"line":62,"column":9}},"7":{"start":{"line":64,"column":4},"end":{"line":80,"column":1}},"8":{"start":{"line":83,"column":21},"end":{"line":160,"column":1}},"9":{"start":{"line":84,"column":4},"end":{"line":122,"column":5}},"10":{"start":{"line":85,"column":8},"end":{"line":121,"column":13}},"11":{"start":{"line":123,"column":4},"end":{"line":159,"column":5}},"12":{"start":{"line":162,"column":31},"end":{"line":200,"column":1}},"13":{"start":{"line":163,"column":4},"end":{"line":199,"column":5}},"14":{"start":{"line":203,"column":23},"end":{"line":258,"column":1}},"15":{"start":{"line":204,"column":4},"end":{"line":257,"column":1}},"16":{"start":{"line":260,"column":27},"end":{"line":289,"column":1}},"17":{"start":{"line":261,"column":4},"end":{"line":275,"column":5}},"18":{"start":{"line":262,"column":8},"end":{"line":274,"column":10}},"19":{"start":{"line":276,"column":4},"end":{"line":287,"column":10}},"20":{"start":{"line":291,"column":26},"end":{"line":320,"column":1}},"21":{"start":{"line":292,"column":4},"end":{"line":306,"column":5}},"22":{"start":{"line":293,"column":8},"end":{"line":305,"column":10}},"23":{"start":{"line":307,"column":4},"end":{"line":319,"column":10}},"24":{"start":{"line":322,"column":28},"end":{"line":347,"column":1}},"25":{"start":{"line":323,"column":4},"end":{"line":335,"column":5}},"26":{"start":{"line":324,"column":8},"end":{"line":334,"column":10}},"27":{"start":{"line":336,"column":4},"end":{"line":346,"column":10}},"28":{"start":{"line":350,"column":25},"end":{"line":383,"column":1}},"29":{"start":{"line":351,"column":4},"end":{"line":382,"column":5}},"30":{"start":{"line":352,"column":8},"end":{"line":352,"column":24}},"31":{"start":{"line":353,"column":10},"end":{"line":382,"column":5}},"32":{"start":{"line":354,"column":25},"end":{"line":354,"column":34}},"33":{"start":{"line":355,"column":30},"end":{"line":355,"column":52}},"34":{"start":{"line":356,"column":35},"end":{"line":356,"column":107}},"35":{"start":{"line":357,"column":32},"end":{"line":357,"column":120}},"36":{"start":{"line":359,"column":33},"end":{"line":376,"column":10}},"37":{"start":{"line":360,"column":12},"end":{"line":360,"column":41}},"38":{"start":{"line":362,"column":12},"end":{"line":374,"column":13}},"39":{"start":{"line":363,"column":32},"end":{"line":363,"column":52}},"40":{"start":{"line":364,"column":29},"end":{"line":364,"column":78}},"41":{"start":{"line":365,"column":16},"end":{"line":365,"column":34}},"42":{"start":{"line":366,"column":16},"end":{"line":366,"column":42}},"43":{"start":{"line":367,"column":18},"end":{"line":374,"column":13}},"44":{"start":{"line":368,"column":32},"end":{"line":368,"column":52}},"45":{"start":{"line":369,"column":26},"end":{"line":369,"column":50}},"46":{"start":{"line":371,"column":29},"end":{"line":371,"column":104}},"47":{"start":{"line":372,"column":16},"end":{"line":372,"column":34}},"48":{"start":{"line":373,"column":16},"end":{"line":373,"column":41}},"49":{"start":{"line":375,"column":12},"end":{"line":375,"column":29}},"50":{"start":{"line":379,"column":8},"end":{"line":379,"column":59}},"51":{"start":{"line":381,"column":8},"end":{"line":381,"column":52}},"52":{"start":{"line":385,"column":30},"end":{"line":411,"column":1}},"53":{"start":{"line":388,"column":26},"end":{"line":388,"column":48}},"54":{"start":{"line":389,"column":31},"end":{"line":389,"column":103}},"55":{"start":{"line":390,"column":28},"end":{"line":390,"column":116}},"56":{"start":{"line":392,"column":17},"end":{"line":392,"column":21}},"57":{"start":{"line":394,"column":8},"en
[...]
rc/utils/functions.js","statementMap":{"0":{"start":{"line":1,"column":17},"end":{"line":12,"column":1}},"1":{"start":{"line":2,"column":4},"end":{"line":2,"column":21}},"2":{"start":{"line":2,"column":14},"end":{"line":2,"column":21}},"3":{"start":{"line":3,"column":25},"end":{"line":3,"column":59}},"4":{"start":{"line":4,"column":4},"end":{"line":4,"column":77}},"5":{"start":{"line":4,"column":54},"end":{"line":4,"column":75}},"6":{"start":{"line":6,"column":17},"end":{"line":6,"column":70}},"7":{"start":{"line":7,"column":4},"end":{"line":11,"column":13}},"8":{"start":{"line":14,"column":20},"end":{"line":17,"column":1}},"9":{"start":{"line":15,"column":4},"end":{"line":15,"column":21}},"10":{"start":{"line":15,"column":14},"end":{"line":15,"column":21}},"11":{"start":{"line":16,"column":4},"end":{"line":16,"column":60}},"12":{"start":{"line":19,"column":21},"end":{"line":22,"column":1}},"13":{"start":{"line":20,"column":4},"end":{"line":20,"column":21}},"14":{"start":{"line":20,"column":14},"end":{"line":20,"column":21}},"15":{"start":{"line":21,"column":4},"end":{"line":21,"column":77}},"16":{"start":{"line":24,"column":22},"end":{"line":24,"column":48}},"17":{"start":{"line":24,"column":30},"end":{"line":24,"column":48}},"18":{"start":{"line":26,"column":26},"end":{"line":28,"column":1}},"19":{"start":{"line":27,"column":4},"end":{"line":27,"column":97}},"20":{"start":{"line":29,"column":25},"end":{"line":31,"column":1}},"21":{"start":{"line":30,"column":4},"end":{"line":30,"column":30}},"22":{"start":{"line":33,"column":17},"end":{"line":33,"column":45}},"23":{"start":{"line":33,"column":26},"end":{"line":33,"column":45}},"24":{"start":{"line":35,"column":21},"end":{"line":35,"column":55}},"25":{"start":{"line":35,"column":31},"end":{"line":35,"column":55}},"26":{"start":{"line":37,"column":24},"end":{"line":39,"column":1}},"27":{"start":{"line":38,"column":4},"end":{"line":38,"column":50}},"28":{"start":{"line":42,"column":18},"end":{"line":42,"column":20}},"29":{"start":{"line":45,"column":4},"end":{"line":47,"column":5}},"30":{"start":{"line":46,"column":8},"end":{"line":46,"column":36}},"31":{"start":{"line":48,"column":4},"end":{"line":48,"column":19}},"32":{"start":{"line":52,"column":29},"end":{"line":54,"column":1}},"33":{"start":{"line":53,"column":4},"end":{"line":53,"column":58}},"34":{"start":{"line":56,"column":40},"end":{"line":58,"column":1}},"35":{"start":{"line":57,"column":4},"end":{"line":57,"column":53}},"36":{"start":{"line":59,"column":14},"end":{"line":61,"column":1}},"37":{"start":{"line":60,"column":4},"end":{"line":60,"column":19}}},"fnMap":{"0":{"name":"(anonymous_0)","decl":{"start":{"line":1,"column":17},"end":{"line":1,"column":18}},"loc":{"start":{"line":1,"column":24},"end":{"line":12,"column":1}},"line":1},"1":{"name":"(anonymous_1)","decl":{"start":{"line":4,"column":38},"end":{"line":4,"column":39}},"loc":{"start":{"line":4,"column":54},"end":{"line":4,"column":75}},"line":4},"2":{"name":"(anonymous_2)","decl":{"start":{"line":14,"column":20},"end":{"line":14,"column":21}},"loc":{"start":{"line":14,"column":27},"end":{"line":17,"column":1}},"line":14},"3":{"name":"(anonymous_3)","decl":{"start":{"line":19,"column":21},"end":{"line":19,"column":22}},"loc":{"start":{"line":19,"column":39},"end":{"line":22,"column":1}},"line":19},"4":{"name":"(anonymous_4)","decl":{"start":{"line":24,"column":22},"end":{"line":24,"column":23}},"loc":{"start":{"line":24,"column":30},"end":{"line":24,"column":48}},"line":24},"5":{"name":"(anonymous_5)","decl":{"start":{"line":26,"column":26},"end":{"line":26,"column":27}},"loc":{"start":{"line":26,"column":35},"end":{"line":28,"column":1}},"line":26},"6":{"name":"(anonymous_6)","decl":{"start":{"line":29,"column":25},"end":{"line":29,"column":26}},"loc":{"start":{"line":29,"column":34},"end":{"line":31,"column":1}},"line":29},"7":{"name":"(anonymous_7)","decl":{"start":{"line":33,"column":17},"end":{"line":33,"column":18}},"loc":{"start":{"line":33,"column":26},"end":{"line":33,"column":45}},"line":33},"8":{"name":"(anonymous_8)","decl":{"start":{"line":35,"column":21},"end":{"line":35,"column":22}},"loc":{"start":{"line":35,"column":31},"end":{"line":35,"column":55}},"line":35},"9":{"name":"(anonymous_9)","decl":{"start":{"line":37,"column":24},"end":{"line":37,"column":25}},"loc":{"start":{"line":37,"column":33},"end":{"line":39,"column":1}},"line":37},"10":{"name":"naiveCopy","decl":{"start":{"line":41,"column":9},"end":{"line":41,"column":18}},"loc":{"start":{"line":41,"column":28},"end":{"line":49,"column":1}},"line":41},"11":{"name":"(anonymous_11)","decl":{"start":{"line":52,"column":29},"end":{"line":52,"column":30}},"loc":{"start":{"line":52,"column":43},"end":{"line":54,"column":1}},"line":52},"12":{"name":"(anonymous_12)","decl":{"start":{"line":56,"column":40},"end":{"line":56,"column":41}},"loc":{"start":{"line":56,"column":54},"end":{"line":58,"column":1}},"line":56},"13":{"name":"(anonymous_13)","decl":{"start":{"line":59,"column":14},"end":{"line":59,"column":15}},"loc":{"start":{"line":59,"column":23},"end":{"line":61,"column":1}},"line":59}},"branchMap":{"0":{"loc":{"start":{"line":2,"column":4},"end":{"line":2,"column":21}},"type":"if","locations":[{"start":{"line":2,"column":4},"end":{"line":2,"column":21}},{"start":{"line":2,"column":4},"end":{"line":2,"column":21}}],"line":2},"1":{"loc":{"start":{"line":7,"column":11},"end":{"line":11,"column":12}},"type":"cond-expr","locations":[{"start":{"line":7,"column":20},"end":{"line":11,"column":5}},{"start":{"line":11,"column":8},"end":{"line":11,"column":12}}],"line":7},"2":{"loc":{"start":{"line":15,"column":4},"end":{"line":15,"column":21}},"type":"if","locations":[{"start":{"line":15,"column":4},"end":{"line":15,"column":21}},{"start":{"line":15,"column":4},"end":{"line":15,"column":21}}],"line":15},"3":{"loc":{"start":{"line":20,"column":4},"end":{"line":20,"column":21}},"type":"if","locations":[{"start":{"line":20,"column":4},"end":{"line":20,"column":21}},{"start":{"line":20,"column":4},"end":{"line":20,"column":21}}],"line":20},"4":{"loc":{"start":{"line":27,"column":12},"end":{"line":27,"column":95}},"type":"binary-expr","locations":[{"start":{"line":27,"column":12},"end":{"line":27,"column":37}},{"start":{"line":27,"column":41},"end":{"line":27,"column":66}},{"start":{"line":27,"column":70},"end":{"line":27,"column":95}}],"line":27}},"s":{"0":15,"1":3,"2":1,"3":2,"4":2,"5":0,"6":2,"7":2,"8":15,"9":2,"10":1,"11":1,"12":15,"13":2,"14":1,"15":1,"16":15,"17":1684,"18":15,"19":0,"20":15,"21":63,"22":15,"23":34,"24":15,"25":1,"26":15,"27":1,"28":1,"29":1,"30":3,"31":1,"32":15,"33":58,"34":15,"35":56,"36":15,"37":2},"f":{"0":3,"1":0,"2":2,"3":2,"4":1684,"5":0,"6":63,"7":34,"8":1,"9":1,"10":1,"11":58,"12":56,"13":2},"b":{"0":[1,2],"1":[1,1],"2":[1,1],"3":[1,1],"4":[0,0,0]},"_coverageSchema":"1a1c01bbd47fc00a2c39e90264f33305004495a9","hash":"dd377330325993ba2468e5493ba7370aa1f3ef89"}
,"/Users/paque/Desktop/works/web-components-common/src/utils/gettersCommonElement.js": {"path":"/Users/paque/Desktop/works/web-components-common/src/utils/gettersCommonElement.js","statementMap":{"0":{"start":{"line":6,"column":18},"end":{"line":21,"column":1}},"1":{"start":{"line":7,"column":30},"end":{"line":7,"column":80}},"2":{"start":{"line":8,"column":4},"end":{"line":20,"column":7}},"3":{"start":{"line":9,"column":21},"end":{"line":9,"column":109}},"4":{"start":{"line":10,"column":8},"end":{"line":19,"column":9}},"5":{"start":{"line":11,"column":12},"end":{"line":11,"column":23}},"6":{"start":{"line":13,"column":12},"end":{"line":18,"column":41}},"7":{"start":{"line":25,"column":28},"end":{"line":56,"column":1}},"8":{"start":{"line":26,"column":22},"end":{"line":26,"column":47}},"9":{"start":{"line":27,"column":32},"end":{"line":27,"column":68}},"10":{"start":{"line":29,"column":4},"end":{"line":33,"column":5}},"11":{"start":{"line":30,"column":8},"end":{"line":32,"column":9}},"12":{"start":{"line":31,"column":12},"end":{"line":31,"column":47}},"13":{"start":{"line":35,"column":4},"end":{"line":55,"column":5}},"14":{"start":{"line":36,"column":8},"end":{"line":42,"column":9}},"15":{"start":{"line":44,"column":9},"end":{"line":55,"column":5}},"16":{"start":{"line":45,"column":8},"end":{"line":51,"column":9}},"17":{"start":{"line":54,"column":8},"end":{"line":54,"column":43}}},"fnMap":{"0":{"name":"(anonymous_0)","decl":{"start":{"line":6,"column":18},"end":{"line":6,"column":19}},"loc":{"start":{"line":6,"column":39},"end":{"line":21,"column":1}},"line":6},"1":{"name":"(anonymous_1)","decl":{"start":{"line":8,"column":36},"end":{"line":8,"column":37}},"loc":{"start":{"line":8,"column":50},"end":{"line":20,"column":5}},"line":8},"2":{"name":"(anonymous_2)","decl":{"start":{"line":25,"column":28},"end":{"line":25,"column":29}},"loc":{"start":{"line":25,"column":42},"end":{"line":56,"column":1}},"line":25}},"branchMap":{"0":{"loc":{"start":{"line":9,"column":21},"end":{"line":9,"column":109}},"type":"cond-expr","locations":[{"start":{"line":9,"column":63},"end":{"line":9,"column":102}},{"start":{"line":9,"column":105},"end":{"line":9,"column":109}}],"line":9},"1":{"loc":{"start":{"line":10,"column":8},"end":{"line":19,"column":9}},"type":"if","locations":[{"start":{"line":10,"column":8},"end":{"line":19,"column":9}},{"start":{"line":10,"column":8},"end":{"line":19,"column":9}}],"line":10},"2":{"loc":{"start":{"line":17,"column":42},"end":{"line":17,"column":98}},"type":"cond-expr","locations":[{"start":{"line":17,"column":72},"end":{"line":17,"column":76}},{"start":{"line":17,"column":79},"end":{"line":17,"column":98}}],"line":17},"3":{"loc":{"start":{"line":29,"column":4},"end":{"line":33,"column":5}},"type":"if","locations":[{"start":{"line":29,"column":4},"end":{"line":33,"column":5}},{"start":{"line":29,"column":4},"end":{"line":33,"column":5}}],"line":29},"4":{"loc":{"start":{"line":29,"column":8},"end":{"line":29,"column":72}},"type":"binary-expr","locations":[{"start":{"line":29,"column":8},"end":{"line":29,"column":37}},{"start":{"line":29,"column":41},"end":{"line":29,"column":72}}],"line":29},"5":{"loc":{"start":{"line":30,"column":8},"end":{"line":32,"column":9}},"type":"if","locations":[{"start":{"line":30,"column":8},"end":{"line":32,"column":9}},{"start":{"line":30,"column":8},"end":{"line":32,"column":9}}],"line":30},"6":{"loc":{"start":{"line":35,"column":4},"end":{"line":55,"column":5}},"type":"if","locations":[{"start":{"line":35,"column":4},"end":{"line":55,"column":5}},{"start":{"line":35,"column":4},"end":{"line":55,"column":5}}],"line":35},"7":{"loc":{"start":{"line":44,"column":9},"end":{"line":55,"column":5}},"type":"if","locations":[{"start":{"line":44,"column":9},"end":{"line":55,"column":5}},{"start":{"line":44,"column":9},"end":{"line":55,"column":5}}],"line":44},"8":{"loc":{"start":{"line":44,"column":13},"end":{"line":44,"column":56}},"type":"binary-expr","locations":[{"start":{"line":44,"column":13},"end":{"line":44,"column":33}},{"start":{"line":44,"column":37},"end":{"line":44,"column":56}}],"line":44}},"s":{"0":5,"1":4,"2":4,"3":4,"4":4,"5":1,"6":3,"7":5,"8":49,"9":49,"10":49,"11":49,"12":1,"13":48,"14":42,"15":6,"16":5,"17":1},"f":{"0":4,"1":4,"2":49},"b":{"0":[3,1],"1":[1,3],"2":[0,3],"3":[49,0],"4":[49,49],"5":[1,48],"6":[42,6],"7":[5,1],"8":[6,2]},"_coverageSchema":"1a1c01bbd47fc00a2c39e90264f33305004495a9","hash":"c49e70cdd56470c95a84554d0f2d65a8d0e86dbd"}
,"/Users/paque/Desktop/works/web-components-common/src/utils/gettersProperties.js": {"path":"/Users/paque/Desktop/works/web-components-common/src/utils/gettersProperties.js","statementMap":{"0":{"start":{"line":3,"column":25},"end":{"line":9,"column":1}},"1":{"start":{"line":4,"column":4},"end":{"line":8,"column":5}},"2":{"start":{"line":11,"column":34},"end":{"line":19,"column":1}},"3":{"start":{"line":12,"column":4},"end":{"line":18,"column":5}},"4":{"start":{"line":22,"column":21},"end":{"line":30,"column":1}},"5":{"start":{"line":23,"column":4},"end":{"line":29,"column":5}},"6":{"start":{"line":32,"column":24},"end":{"line":38,"column":1}},"7":{"start":{"line":33,"column":4},"end":{"line":37,"column":5}},"8":{"start":{"line":40,"column":20},"end":{"line":48,"column":1}},"9":{"start":{"line":41,"column":4},"end":{"line":47,"column":5}},"10":{"start":{"line":50,"column":22},"end":{"line":56,"column":1}},"11":{"start":{"line":51,"column":4},"end":{"line":55,"column":5}}},"fnMap":{"0":{"name":"(anonymous_0)","decl":{"start":{"line":3,"column":25},"end":{"line":3,"column":26}},"loc":{"start":{"line":3,"column":36},"end":{"line":9,"column":1}},"line":3},"1":{"name":"(anonymous_1)","decl":{"start":{"line":11,"column":34},"end":{"line":11,"column":35}},"loc":{"start":{"line":11,"column":45},"end":{"line":19,"column":1}},"line":11},"2":{"name":"(anonymous_2)","decl":{"start":{"line":22,"column":21},"end":{"line":22,"column":22}},"loc":{"start":{"line":22,"column":32},"end":{"line":30,"column":1}},"line":22},"3":{"name":"(anonymous_3)","decl":{"start":{"line":32,"column":24},"end":{"line":32,"column":25}},"loc":{"start":{"line":32,"column":35},"end":{"line":38,"column":1}},"line":32},"4":{"name":"(anonymous_4)","decl":{"start":{"line":40,"column":20},"end":{"line":40,"column":21}},"loc":{"start":{"line":40,"column":31},"end":{"line":48,"column":1}},"line":40},"5":{"name":"(anonymous_5)","decl":{"start":{"line":50,"column":22},"end":{"line":50,"column":23}},"loc":{"start":{"line":50,"column":33},"end":{"line":56,"column":1}},"line":50}},"branchMap":{"0":{"loc":{"start":{"line":5,"column":20},"end":{"line":5,"column":57}},"type":"cond-expr","locations":[{"start":{"line":5,"column":28},"end":{"line":5,"column":52}},{"start":{"line":5,"column":55},"end":{"line":5,"column":57}}],"line":5},"1":{"loc":{"start":{"line":6,"column":15},"end":{"line":6,"column":68}},"type":"cond-expr","locations":[{"start":{"line":6,"column":41},"end":{"line":6,"column":61}},{"start":{"line":6,"column":64},"end":{"line":6,"column":68}}],"line":6},"2":{"loc":{"start":{"line":6,"column":15},"end":{"line":6,"column":38}},"type":"binary-expr","locations":[{"start":{"line":6,"column":15},"end":{"line":6,"column":20}},{"start":{"line":6,"column":24},"end":{"line":6,"column":38}}],"line":6},"3":{"loc":{"start":{"line":7,"column":16},"end":{"line":7,"column":95}},"type":"cond-expr","locations":[{"start":{"line":7,"column":67},"end":{"line":7,"column":88}},{"start":{"line":7,"column":91},"end":{"line":7,"column":95}}],"line":7},"4":{"loc":{"start":{"line":7,"column":16},"end":{"line":7,"column":64}},"type":"binary-expr","locations":[{"start":{"line":7,"column":16},"end":{"line":7,"column":21}},{"start":{"line":7,"column":25},"end":{"line":7,"column":39}},{"start":{"line":7,"column":43},"end":{"line":7,"column":64}}],"line":7},"5":{"loc":{"start":{"line":13,"column":20},"end":{"line":13,"column":57}},"type":"cond-expr","locations":[{"start":{"line":13,"column":28},"end":{"line":13,"column":52}},{"start":{"line":13,"column":55},"end":{"line":13,"column":57}}],"line":13},"6":{"loc":{"start":{"line":15,"column":15},"end":{"line":15,"column":52}},"type":"binary-expr","locations":[{"start":{"line":15,"column":15},"end":{"line":15,"column":44}},{"start":{"line":15,"column":48},"end":{"line":15,"column":52}}],"line":15},"7":{"loc":{"start":{"line":16,"column":15},"end":{"line":16,"column":68}},"type":"cond-expr","locations":[{"start":{"line":16,"column":41},"end":{"line":16,"column":61}},{"start":{"line":16,"column":64},"end":{"line":16,"column":68}}],"line":16},"8":{"loc":{"start":{"line":16,"column":15},"end":{"line":16,"column":38}},"type":"binary-expr","locations":[{"start":{"line":16,"column":15},"end":{"line":16,"column":20}},{"start":{"line":16,"column":24},"end":{"line":16,"column":38}}],"line":16},"9":{"loc":{"start":{"line":17,"column":16},"end":{"line":17,"column":95}},"type":"cond-expr","locations":[{"start":{"line":17,"column":67},"end":{"line":17,"column":88}},{"start":{"line":17,"column":91},"end":{"line":17,"column":95}}],"line":17},"10":{"loc":{"start":{"line":17,"column":16},"end":{"line":17,"column":64}},"type":"binary-expr","locations":[{"start":{"line":17,"column":16},"end":{"line":17,"column":21}},{"start":{"line":17,"column":25},"end":{"line":17,"column":39}},{"start":{"line":17,"column":43},"end":{"line":17,"column":64}}],"line":17},"11":{"loc":{"start":{"line":24,"column":20},"end":{"line":24,"column":57}},"type":"cond-expr","locations":[{"start":{"line":24,"column":28},"end":{"line":24,"column":52}},{"start":{"line":24,"column":55},"end":{"line":24,"column":57}}],"line":24},"12":{"loc":{"start":{"line":25,"column":20},"end":{"line":25,"column":107}},"type":"cond-expr","locations":[{"start":{"line":25,"column":75},"end":{"line":25,"column":100}},{"start":{"line":25,"column":103},"end":{"line":25,"column":107}}],"line":25},"13":{"loc":{"start":{"line":25,"column":20},"end":{"line":25,"column":72}},"type":"binary-expr","locations":[{"start":{"line":25,"column":20},"end":{"line":25,"column":25}},{"start":{"line":25,"column":29},"end":{"line":25,"column":43}},{"start":{"line":25,"column":47},"end":{"line":25,"column":72}}],"line":25},"14":{"loc":{"start":{"line":26,"column":15},"end":{"line":26,"column":93}},"type":"cond-expr","locations":[{"start":{"line":26,"column":66},"end":{"line":26,"column":86}},{"start":{"line":26,"column":89},"end":{"line":26,"column":93}}],"line":26},"15":{"loc":{"start":{"line":26,"column":15},"end":{"line":26,"column":62}},"type":"binary-expr","locations":[{"start":{"line":26,"column":15},"end":{"line":26,"column":20}},{"start":{"line":26,"column":24},"end":{"line":26,"column":38}},{"start":{"line":26,"column":42},"end":{"line":26,"column":62}}],"line":26},"16":{"loc":{"start":{"line":27,"column":16},"end":{"line":27,"column":96}},"type":"cond-expr","locations":[{"start":{"line":27,"column":67},"end":{"line":27,"column":88}},{"start":{"line":27,"column":92},"end":{"line":27,"column":96}}],"line":27},"17":{"loc":{"start":{"line":27,"column":16},"end":{"line":27,"column":64}},"type":"binary-expr","locations":[{"start":{"line":27,"column":16},"end":{"line":27,"column":21}},{"start":{"line":27,"column":25},"end":{"line":27,"column":39}},{"start":{"line":27,"column":43},"end":{"line":27,"column":64}}],"line":27},"18":{"loc":{"start":{"line":28,"column":12},"end":{"line":28,"column":89}},"type":"cond-expr","locations":[{"start":{"line":28,"column":61},"end":{"line":28,"column":83}},{"start":{"line":28,"column":86},"end":{"line":28,"column":89}}],"line":28},"19":{"loc":{"start":{"line":28,"column":12},"end":{"line":28,"column":58}},"type":"binary-expr","locations":[{"start":{"line":28,"column":12},"end":{"line":28,"column":17}},{"start":{"line":28,"column":22},"end":{"line":28,"column":36}},{"start":{"line":28,"column":40},"end":{"line":28,"column":58}}],"line":28},"20":{"loc":{"start":{"line":35,"column":21},"end":{"line":35,"column":73}},"type":"binary-expr","locations":[{"start":{"line":35,"column":21},"end":{"line":35,"column":26}},{"start":{"line":35,"column":30},"end":{"line":35,"column":44}},{"start":{"line":35,"column":48},"end":{"line":35,"column":73}}],"line":35},"21":{"loc":{"start":{"line":36,"column":16},"end":{"line":36,"column":63}},"type":"binary-expr","locations":[{"start":{"line":36,"column":16},"end":{"line":36,"column":21}},{"start":{"line":36,"column":25},"end":{"line":36,"column":39}},{"start":{"line":36,"column":43},"end":{"line":36,"column":63}}],"line":36}},"s":{"0":12,"1":8,"2":12,"3":17,"4":12,"5":28,"6":12,"7":13,"8":12,"9":32,"10":12,"11":38},"f":{"0":8,"1":17,"2":28,"3":13,"4":32,"5":38},"b":{"0":[8,0],"1":[8,0],"2":[8,8],"3":[0,8],"4":[8,8,8],"5":[17,0],"6":[17,0],"7":[17,0],"8":[17,17],"9":[17,0],"10":[17,17,17],"11":[28,0],"12":[16,12],"13":[28,28,28],"14":[16,12],"15":[28,28,28],"16":[12,16],"17":[28,28,28],"18":[12,16],"19":[28,28,28],"20":[13,13,13],"21":[13,13,13]},"_coverageSchema":"1a1c01bbd47fc00a2c39e90264f33305004495a9","hash":"cab3268867e6ce31410d3969f7e987e2202c233d"}
}
