TN:
SF:src/components/BlockText/BlockText.js
FN:8,(anonymous_0)
FN:25,(anonymous_1)
FN:28,(anonymous_2)
FN:29,(anonymous_3)
FNF:4
FNH:4
FNDA:17,(anonymous_0)
FNDA:8,(anonymous_1)
FNDA:11,(anonymous_2)
FNDA:6,(anonymous_3)
DA:8,1
DA:9,17
DA:10,16
DA:12,7
DA:15,5
DA:18,4
DA:21,0
DA:25,1
DA:26,8
DA:28,11
DA:29,6
DA:34,1
DA:36,1
LF:13
LH:12
BRDA:9,0,0,1
BRDA:9,0,1,16
BRDA:10,1,0,7
BRDA:10,1,1,5
BRDA:10,1,2,4
BRDA:10,1,3,0
BRDA:28,2,0,6
BRDA:28,2,1,2
BRF:8
BRH:7
end_of_record
TN:
SF:src/components/BlockText/styled.js
FN:5,(anonymous_0)
FN:20,(anonymous_1)
FN:20,(anonymous_2)
FNF:3
FNH:3
FNDA:8,(anonymous_0)
FNDA:8,(anonymous_1)
FNDA:8,(anonymous_2)
DA:5,8
DA:20,8
LF:2
LH:2
BRDA:22,0,0,0
BRDA:22,0,1,8
BRDA:23,1,0,0
BRDA:23,1,1,8
BRDA:24,2,0,0
BRDA:24,2,1,8
BRDA:25,3,0,0
BRDA:25,3,1,8
BRDA:26,4,0,0
BRDA:26,4,1,8
BRDA:27,5,0,0
BRDA:27,5,1,8
BRF:12
BRH:6
end_of_record
TN:
SF:src/components/ButtonScrollTop/ButtonScrollTop.js
FN:11,(anonymous_0)
FN:14,(anonymous_1)
FN:19,cleanup
FN:26,(anonymous_3)
FN:32,(anonymous_4)
FN:39,(anonymous_5)
FN:47,(anonymous_6)
FN:64,(anonymous_7)
FNF:8
FNH:8
FNDA:10,(anonymous_0)
FNDA:10,(anonymous_1)
FNDA:10,cleanup
FNDA:3,(anonymous_3)
FNDA:1,(anonymous_4)
FNDA:4,(anonymous_5)
FNDA:10,(anonymous_6)
FNDA:1,(anonymous_7)
DA:9,1
DA:11,1
DA:12,10
DA:14,10
DA:15,10
DA:16,10
DA:19,10
DA:20,10
DA:21,10
DA:26,10
DA:27,3
DA:28,3
DA:32,10
DA:33,1
DA:34,1
DA:35,1
DA:39,10
DA:40,4
DA:41,4
DA:43,0
DA:47,10
DA:48,10
DA:49,10
DA:50,10
DA:51,10
DA:52,10
DA:53,9
DA:60,10
DA:64,1
DA:143,1
DA:145,1
LF:31
LH:30
BRDA:15,0,0,10
BRDA:15,0,1,0
BRDA:20,1,0,10
BRDA:20,1,1,0
BRDA:33,2,0,1
BRDA:33,2,1,0
BRDA:40,3,0,4
BRDA:40,3,1,0
BRDA:50,4,0,9
BRDA:50,4,1,1
BRDA:51,5,0,10
BRDA:51,5,1,0
BRDA:51,6,0,10
BRDA:51,6,1,10
BRDA:52,7,0,1
BRDA:52,7,1,9
BRDA:55,8,0,9
BRDA:55,8,1,0
BRDA:63,9,0,4
BRDA:63,9,1,6
BRDA:63,10,0,10
BRDA:63,10,1,4
BRF:22
BRH:16
end_of_record
TN:
SF:src/components/ButtonScrollTop/styled.js
FNF:0
FNH:0
DA:4,1
DA:29,1
LF:2
LH:2
BRF:0
BRH:0
end_of_record
TN:
SF:src/components/Card/Card.js
FN:12,(anonymous_0)
FN:35,(anonymous_1)
FN:41,(anonymous_2)
FN:42,(anonymous_3)
FNF:4
FNH:4
FNDA:24,(anonymous_0)
FNDA:7,(anonymous_1)
FNDA:14,(anonymous_2)
FNDA:10,(anonymous_3)
DA:12,1
DA:13,24
DA:14,24
DA:16,7
DA:19,5
DA:22,4
DA:25,4
DA:29,4
DA:31,0
DA:35,1
DA:36,7
DA:38,7
DA:41,14
DA:42,10
DA:48,1
DA:50,1
LF:16
LH:15
BRDA:13,0,0,0
BRDA:13,0,1,24
BRDA:14,1,0,7
BRDA:14,1,1,5
BRDA:14,1,2,4
BRDA:14,1,3,4
BRDA:14,1,4,4
BRDA:14,1,5,0
BRDA:36,2,0,0
BRDA:36,2,1,7
BRDA:41,3,0,5
BRDA:41,3,1,2
BRF:12
BRH:9
end_of_record
TN:
SF:src/components/Card/styled.js
FN:7,(anonymous_0)
FN:12,(anonymous_1)
FN:12,(anonymous_2)
FNF:3
FNH:2
FNDA:7,(anonymous_0)
FNDA:7,(anonymous_1)
FNDA:0,(anonymous_2)
DA:7,7
DA:12,7
LF:2
LH:2
BRDA:9,0,0,0
BRDA:9,0,1,7
BRDA:10,1,0,0
BRDA:10,1,1,7
BRDA:12,2,0,0
BRDA:12,2,1,7
BRDA:16,3,0,0
BRDA:16,3,1,0
BRDA:17,4,0,0
BRDA:17,4,1,0
BRF:10
BRH:3
end_of_record
TN:
SF:src/functional/CTA.js
FN:7,(anonymous_0)
FN:21,(anonymous_1)
FNF:2
FNH:2
FNDA:20,(anonymous_0)
FNDA:2,(anonymous_1)
DA:7,2
DA:8,20
DA:9,20
DA:11,20
DA:13,20
DA:14,18
DA:22,2
DA:34,2
LF:8
LH:8
BRDA:7,0,0,20
BRDA:8,1,0,17
BRDA:8,1,1,3
BRDA:8,2,0,20
BRDA:8,2,1,20
BRDA:9,3,0,13
BRDA:9,3,1,7
BRDA:9,4,0,20
BRDA:9,4,1,20
BRDA:11,5,0,17
BRDA:11,5,1,3
BRDA:11,6,0,20
BRDA:11,6,1,20
BRDA:13,7,0,2
BRDA:13,7,1,18
BRDA:13,8,0,20
BRDA:13,8,1,3
BRDA:18,9,0,3
BRDA:18,9,1,15
BRDA:19,10,0,3
BRDA:19,10,1,15
BRDA:20,11,0,3
BRDA:20,11,1,15
BRDA:22,12,0,1
BRDA:22,12,1,1
BRDA:27,13,0,13
BRDA:27,13,1,5
BRDA:28,14,0,17
BRDA:28,14,1,1
BRF:29
BRH:29
end_of_record
TN:
SF:src/functional/CTACustomLink.js
FN:7,(anonymous_0)
FN:19,(anonymous_1)
FNF:2
FNH:2
FNDA:16,(anonymous_0)
FNDA:2,(anonymous_1)
DA:7,1
DA:8,16
DA:9,16
DA:11,16
DA:12,14
DA:20,2
DA:32,1
LF:7
LH:7
BRDA:8,0,0,13
BRDA:8,0,1,3
BRDA:8,1,0,16
BRDA:8,1,1,16
BRDA:9,2,0,13
BRDA:9,2,1,3
BRDA:9,3,0,16
BRDA:9,3,1,16
BRDA:11,4,0,2
BRDA:11,4,1,14
BRDA:11,5,0,16
BRDA:11,5,1,3
BRDA:14,6,0,14
BRDA:14,6,1,14
BRDA:16,7,0,3
BRDA:16,7,1,11
BRDA:16,8,0,14
BRDA:16,8,1,14
BRDA:17,9,0,3
BRDA:17,9,1,11
BRDA:17,10,0,14
BRDA:17,10,1,14
BRDA:18,11,0,3
BRDA:18,11,1,11
BRDA:18,12,0,14
BRDA:18,12,1,14
BRDA:20,13,0,1
BRDA:20,13,1,1
BRDA:20,14,0,2
BRDA:20,14,1,2
BRDA:25,15,0,13
BRDA:25,15,1,1
BRDA:26,16,0,13
BRDA:26,16,1,1
BRF:34
BRH:34
end_of_record
TN:
SF:src/functional/Content.js
FN:7,(anonymous_0)
FNF:1
FNH:1
FNDA:12,(anonymous_0)
DA:7,3
DA:8,12
DA:9,12
DA:10,10
DA:15,3
LF:5
LH:5
BRDA:8,0,0,11
BRDA:8,0,1,1
BRDA:9,1,0,2
BRDA:9,1,1,10
BRF:4
BRH:4
end_of_record
TN:
SF:src/functional/ContentMarkdownRemark.js
FN:7,(anonymous_0)
FNF:1
FNH:1
FNDA:3,(anonymous_0)
DA:7,1
DA:8,3
DA:9,3
DA:10,2
DA:15,1
LF:5
LH:5
BRDA:8,0,0,2
BRDA:8,0,1,1
BRDA:8,1,0,3
BRDA:8,1,1,3
BRDA:9,2,0,1
BRDA:9,2,1,2
BRF:6
BRH:6
end_of_record
TN:
SF:src/functional/Image.js
FN:8,(anonymous_0)
FNF:1
FNH:1
FNDA:11,(anonymous_0)
DA:8,2
DA:9,11
DA:10,11
DA:11,11
DA:12,11
DA:14,11
DA:15,10
DA:22,2
LF:8
LH:8
BRDA:11,0,0,10
BRDA:11,0,1,1
BRDA:12,1,0,10
BRDA:12,1,1,1
BRDA:12,2,0,11
BRDA:12,2,1,11
BRDA:14,3,0,1
BRDA:14,3,1,10
BRDA:17,4,0,10
BRDA:17,4,1,1
BRF:10
BRH:10
end_of_record
TN:
SF:src/functional/ImageClickable.js
FN:8,(anonymous_0)
FN:28,(anonymous_1)
FNF:2
FNH:2
FNDA:20,(anonymous_0)
FNDA:2,(anonymous_1)
DA:8,1
DA:9,20
DA:10,20
DA:11,20
DA:12,20
DA:14,20
DA:15,19
DA:16,0
DA:22,19
DA:29,2
DA:40,1
LF:11
LH:10
BRDA:11,0,0,19
BRDA:11,0,1,1
BRDA:12,1,0,17
BRDA:12,1,1,3
BRDA:12,2,0,20
BRDA:12,2,1,20
BRDA:14,3,0,1
BRDA:14,3,1,19
BRDA:15,4,0,0
BRDA:15,4,1,19
BRDA:18,5,0,0
BRDA:18,5,1,0
BRDA:24,6,0,16
BRDA:24,6,1,3
BRDA:24,7,0,19
BRDA:24,7,1,19
BRDA:25,8,0,4
BRDA:25,8,1,15
BRDA:25,9,0,19
BRDA:25,9,1,19
BRDA:26,10,0,4
BRDA:26,10,1,15
BRDA:26,11,0,19
BRDA:26,11,1,19
BRDA:27,12,0,16
BRDA:27,12,1,3
BRDA:27,13,0,19
BRDA:27,13,1,19
BRDA:29,14,0,1
BRDA:29,14,1,1
BRDA:29,15,0,2
BRDA:29,15,1,2
BRDA:29,15,2,2
BRDA:29,15,3,2
BRDA:29,15,4,2
BRDA:33,16,0,19
BRDA:33,16,1,0
BRF:37
BRH:33
end_of_record
TN:
SF:src/functional/Text.js
FN:7,(anonymous_0)
FNF:1
FNH:1
FNDA:28,(anonymous_0)
DA:7,3
DA:8,28
DA:9,28
DA:10,26
DA:13,3
LF:5
LH:5
BRDA:8,0,0,27
BRDA:8,0,1,1
BRDA:9,1,0,2
BRDA:9,1,1,26
BRF:4
BRH:4
end_of_record
TN:
SF:src/functional/TextCustomContent.js
FN:7,(anonymous_0)
FNF:1
FNH:1
FNDA:3,(anonymous_0)
DA:7,1
DA:8,3
DA:9,2
DA:12,1
LF:4
LH:4
BRDA:8,0,0,1
BRDA:8,0,1,2
BRF:2
BRH:2
end_of_record
TN:
SF:src/styles/common.styled.js
FN:15,(anonymous_0)
FN:30,(anonymous_1)
FN:30,(anonymous_2)
FN:63,(anonymous_3)
FN:63,(anonymous_4)
FN:85,(anonymous_5)
FN:91,(anonymous_6)
FN:91,(anonymous_7)
FN:105,(anonymous_8)
FN:113,(anonymous_9)
FN:113,(anonymous_10)
FN:144,(anonymous_11)
FN:153,(anonymous_12)
FN:153,(anonymous_13)
FN:189,(anonymous_14)
FN:208,(anonymous_15)
FN:208,(anonymous_16)
FN:305,(anonymous_17)
FN:320,(anonymous_18)
FN:320,(anonymous_19)
FNF:20
FNH:17
FNDA:17,(anonymous_0)
FNDA:17,(anonymous_1)
FNDA:51,(anonymous_2)
FNDA:17,(anonymous_3)
FNDA:17,(anonymous_4)
FNDA:28,(anonymous_5)
FNDA:28,(anonymous_6)
FNDA:84,(anonymous_7)
FNDA:12,(anonymous_8)
FNDA:12,(anonymous_9)
FNDA:28,(anonymous_10)
FNDA:38,(anonymous_11)
FNDA:38,(anonymous_12)
FNDA:114,(anonymous_13)
FNDA:32,(anonymous_14)
FNDA:32,(anonymous_15)
FNDA:96,(anonymous_16)
FNDA:0,(anonymous_17)
FNDA:0,(anonymous_18)
FNDA:0,(anonymous_19)
DA:15,17
DA:30,51
DA:63,17
DA:85,28
DA:91,84
DA:105,12
DA:113,28
DA:144,38
DA:153,114
DA:189,32
DA:208,96
DA:305,12
DA:320,0
LF:13
LH:12
BRDA:33,0,0,51
BRDA:33,0,1,0
BRDA:34,1,0,51
BRDA:34,1,1,0
BRDA:35,2,0,51
BRDA:35,2,1,0
BRDA:36,3,0,51
BRDA:36,3,1,0
BRDA:37,4,0,51
BRDA:37,4,1,0
BRDA:39,5,0,0
BRDA:39,5,1,51
BRDA:39,6,0,51
BRDA:39,6,1,51
BRDA:40,7,0,0
BRDA:40,7,1,0
BRDA:49,8,0,51
BRDA:49,8,1,0
BRDA:49,9,0,51
BRDA:49,9,1,51
BRDA:54,10,0,51
BRDA:54,10,1,0
BRDA:56,11,0,0
BRDA:56,11,1,51
BRDA:56,12,0,51
BRDA:56,12,1,0
BRDA:63,13,0,17
BRDA:63,13,1,0
BRDA:76,14,0,17
BRDA:76,14,1,0
BRDA:79,15,0,17
BRDA:79,15,1,0
BRDA:95,16,0,48
BRDA:95,16,1,36
BRDA:96,17,0,48
BRDA:96,17,1,36
BRDA:97,18,0,48
BRDA:97,18,1,36
BRDA:98,19,0,36
BRDA:98,19,1,48
BRDA:99,20,0,36
BRDA:99,20,1,48
BRDA:115,21,0,24
BRDA:115,21,1,4
BRDA:116,22,0,24
BRDA:116,22,1,4
BRDA:117,23,0,24
BRDA:117,23,1,4
BRDA:120,24,0,24
BRDA:120,24,1,4
BRDA:123,25,0,24
BRDA:123,25,1,4
BRDA:156,26,0,114
BRDA:156,26,1,0
BRDA:157,27,0,114
BRDA:157,27,1,0
BRDA:159,28,0,0
BRDA:159,28,1,114
BRDA:159,29,0,114
BRDA:159,29,1,114
BRDA:159,29,2,114
BRDA:165,30,0,114
BRDA:165,30,1,0
BRDA:166,31,0,114
BRDA:166,31,1,0
BRDA:167,32,0,114
BRDA:167,32,1,0
BRDA:168,33,0,114
BRDA:168,33,1,0
BRDA:170,34,0,114
BRDA:170,34,1,0
BRDA:173,35,0,114
BRDA:173,35,1,0
BRDA:177,36,0,0
BRDA:177,36,1,0
BRDA:177,37,0,0
BRDA:177,37,1,0
BRDA:195,38,0,32
BRDA:195,38,1,32
BRDA:210,39,0,96
BRDA:210,39,1,0
BRDA:211,40,0,96
BRDA:211,40,1,0
BRDA:212,41,0,96
BRDA:212,41,1,0
BRDA:213,42,0,96
BRDA:213,42,1,0
BRDA:214,43,0,96
BRDA:214,43,1,0
BRDA:215,44,0,96
BRDA:215,44,1,0
BRDA:217,45,0,96
BRDA:217,45,1,0
BRDA:218,46,0,96
BRDA:218,46,1,0
BRDA:221,47,0,96
BRDA:221,47,1,0
BRDA:222,48,0,96
BRDA:222,48,1,0
BRDA:223,49,0,96
BRDA:223,49,1,0
BRDA:228,50,0,96
BRDA:228,50,1,0
BRDA:229,51,0,96
BRDA:229,51,1,0
BRDA:233,52,0,96
BRDA:233,52,1,0
BRDA:234,53,0,96
BRDA:234,53,1,0
BRDA:237,54,0,96
BRDA:237,54,1,0
BRDA:241,55,0,96
BRDA:241,55,1,0
BRDA:247,56,0,96
BRDA:247,56,1,0
BRDA:248,57,0,96
BRDA:248,57,1,0
BRDA:251,58,0,96
BRDA:251,58,1,0
BRDA:255,59,0,96
BRDA:255,59,1,0
BRDA:259,60,0,96
BRDA:259,60,1,0
BRDA:260,61,0,96
BRDA:260,61,1,0
BRDA:263,62,0,96
BRDA:263,62,1,0
BRDA:267,63,0,96
BRDA:267,63,1,0
BRDA:272,64,0,0
BRDA:272,64,1,96
BRDA:273,65,0,0
BRDA:273,65,1,0
BRDA:289,66,0,0
BRDA:289,66,1,0
BRDA:296,67,0,0
BRDA:296,67,1,0
BRDA:322,68,0,0
BRDA:322,68,1,0
BRDA:325,69,0,0
BRDA:325,69,1,0
BRDA:326,70,0,0
BRDA:326,70,1,0
BRDA:331,71,0,0
BRDA:331,71,1,0
BRF:145
BRH:77
end_of_record
TN:
SF:src/styles/constants.js
FNF:0
FNH:0
DA:1,12
DA:26,12
DA:32,12
LF:3
LH:3
BRF:0
BRH:0
end_of_record
TN:
SF:src/test/mock/fields-data/atom.model.config.js
FNF:0
FNH:0
DA:1,14
DA:9,14
DA:18,14
DA:25,14
DA:32,14
DA:34,14
DA:41,14
DA:49,14
DA:59,14
DA:70,14
DA:82,14
DA:84,14
DA:85,14
DA:87,14
DA:88,14
DA:90,14
DA:97,14
DA:103,14
DA:110,14
DA:117,14
DA:124,14
DA:131,14
DA:138,14
DA:146,14
DA:154,14
DA:165,14
DA:175,14
DA:186,14
DA:197,14
DA:205,14
DA:210,14
LF:31
LH:31
BRF:0
BRH:0
end_of_record
TN:
SF:src/test/mock/fields-data/molecules.model.config.js
FNF:0
FNH:0
DA:14,13
DA:35,13
DA:68,13
DA:80,13
DA:96,13
DA:150,13
DA:204,13
DA:258,13
DA:318,13
LF:9
LH:9
BRF:0
BRH:0
end_of_record
TN:
SF:src/test/mock/fields-data/organism.model.config.js
FNF:0
FNH:0
DA:29,13
DA:84,13
DA:134,13
DA:170,13
DA:203,13
DA:210,13
DA:221,13
DA:233,13
DA:241,13
DA:248,13
DA:276,13
LF:11
LH:11
BRF:0
BRH:0
end_of_record
TN:
SF:src/utils/StyleGenerator.js
FN:5,(anonymous_0)
FN:44,(anonymous_1)
FN:83,(anonymous_2)
FN:162,(anonymous_3)
FN:203,(anonymous_4)
FN:260,(anonymous_5)
FN:291,(anonymous_6)
FN:322,(anonymous_7)
FN:350,(anonymous_8)
FN:359,(anonymous_9)
FN:385,(anonymous_10)
FN:394,(anonymous_11)
FN:413,(anonymous_12)
FN:425,(anonymous_13)
FN:426,(anonymous_14)
FN:434,(anonymous_15)
FN:444,(anonymous_16)
FN:454,(anonymous_17)
FN:477,(anonymous_18)
FNF:19
FNH:16
FNDA:431,(anonymous_0)
FNDA:263,(anonymous_1)
FNDA:264,(anonymous_2)
FNDA:290,(anonymous_3)
FNDA:301,(anonymous_4)
FNDA:549,(anonymous_5)
FNDA:864,(anonymous_6)
FNDA:585,(anonymous_7)
FNDA:1685,(anonymous_8)
FNDA:0,(anonymous_9)
FNDA:0,(anonymous_10)
FNDA:0,(anonymous_11)
FNDA:6,(anonymous_12)
FNDA:7,(anonymous_13)
FNDA:5,(anonymous_14)
FNDA:19,(anonymous_15)
FNDA:2,(anonymous_16)
FNDA:22,(anonymous_17)
FNDA:5,(anonymous_18)
DA:5,13
DA:6,431
DA:7,0
DA:25,431
DA:44,13
DA:45,263
DA:46,0
DA:64,263
DA:83,13
DA:84,264
DA:85,0
DA:123,264
DA:162,13
DA:163,290
DA:203,13
DA:204,301
DA:260,13
DA:261,549
DA:262,384
DA:276,165
DA:291,13
DA:292,864
DA:293,768
DA:307,96
DA:322,13
DA:323,585
DA:324,384
DA:336,201
DA:350,13
DA:351,1685
DA:352,1
DA:353,1684
DA:354,0
DA:355,0
DA:356,0
DA:357,0
DA:359,0
DA:360,0
DA:362,0
DA:363,0
DA:364,0
DA:365,0
DA:366,0
DA:367,0
DA:368,0
DA:369,0
DA:371,0
DA:372,0
DA:373,0
DA:375,0
DA:379,0
DA:381,1684
DA:385,13
DA:388,0
DA:389,0
DA:390,0
DA:392,0
DA:394,0
DA:395,0
DA:396,0
DA:397,0
DA:398,0
DA:399,0
DA:400,0
DA:402,0
DA:403,0
DA:404,0
DA:406,0
DA:410,0
DA:413,13
DA:414,6
DA:415,6
DA:425,13
DA:426,7
DA:427,5
DA:434,13
DA:435,19
DA:436,1
DA:437,1
DA:444,13
DA:445,2
DA:446,1
DA:447,1
DA:454,13
DA:455,22
DA:457,4
DA:458,4
DA:460,4
DA:461,3
DA:463,3
DA:469,1
DA:477,13
DA:478,5
DA:480,4
DA:481,4
DA:483,4
DA:484,3
DA:486,3
DA:492,1
LF:99
LH:61
BRDA:6,0,0,0
BRDA:6,0,1,431
BRDA:8,1,0,0
BRDA:8,1,1,0
BRDA:8,2,0,0
BRDA:8,2,1,0
BRDA:8,2,2,0
BRDA:12,3,0,0
BRDA:12,3,1,0
BRDA:12,4,0,0
BRDA:12,4,1,0
BRDA:12,4,2,0
BRDA:16,5,0,0
BRDA:16,5,1,0
BRDA:16,6,0,0
BRDA:16,6,1,0
BRDA:16,6,2,0
BRDA:20,7,0,0
BRDA:20,7,1,0
BRDA:20,8,0,0
BRDA:20,8,1,0
BRDA:20,8,2,0
BRDA:26,9,0,1
BRDA:26,9,1,430
BRDA:26,10,0,431
BRDA:26,10,1,431
BRDA:26,10,2,431
BRDA:30,11,0,1
BRDA:30,11,1,430
BRDA:30,12,0,431
BRDA:30,12,1,431
BRDA:30,12,2,431
BRDA:34,13,0,52
BRDA:34,13,1,379
BRDA:34,14,0,431
BRDA:34,14,1,431
BRDA:34,14,2,431
BRDA:38,15,0,52
BRDA:38,15,1,379
BRDA:38,16,0,431
BRDA:38,16,1,431
BRDA:38,16,2,431
BRDA:45,17,0,0
BRDA:45,17,1,263
BRDA:47,18,0,0
BRDA:47,18,1,0
BRDA:47,19,0,0
BRDA:47,19,1,0
BRDA:47,19,2,0
BRDA:51,20,0,0
BRDA:51,20,1,0
BRDA:51,21,0,0
BRDA:51,21,1,0
BRDA:51,21,2,0
BRDA:55,22,0,0
BRDA:55,22,1,0
BRDA:55,23,0,0
BRDA:55,23,1,0
BRDA:55,23,2,0
BRDA:59,24,0,0
BRDA:59,24,1,0
BRDA:59,25,0,0
BRDA:59,25,1,0
BRDA:59,25,2,0
BRDA:65,26,0,1
BRDA:65,26,1,262
BRDA:65,27,0,263
BRDA:65,27,1,263
BRDA:65,27,2,263
BRDA:69,28,0,1
BRDA:69,28,1,262
BRDA:69,29,0,263
BRDA:69,29,1,263
BRDA:69,29,2,263
BRDA:73,30,0,1
BRDA:73,30,1,262
BRDA:73,31,0,263
BRDA:73,31,1,263
BRDA:73,31,2,263
BRDA:77,32,0,1
BRDA:77,32,1,262
BRDA:77,33,0,263
BRDA:77,33,1,263
BRDA:77,33,2,263
BRDA:84,34,0,0
BRDA:84,34,1,264
BRDA:86,35,0,0
BRDA:86,35,1,0
BRDA:86,36,0,0
BRDA:86,36,1,0
BRDA:86,36,2,0
BRDA:87,37,0,0
BRDA:87,37,1,0
BRDA:92,38,0,0
BRDA:92,38,1,0
BRDA:92,39,0,0
BRDA:92,39,1,0
BRDA:92,39,2,0
BRDA:93,40,0,0
BRDA:93,40,1,0
BRDA:98,41,0,0
BRDA:98,41,1,0
BRDA:98,42,0,0
BRDA:98,42,1,0
BRDA:98,42,2,0
BRDA:99,43,0,0
BRDA:99,43,1,0
BRDA:104,44,0,0
BRDA:104,44,1,0
BRDA:104,45,0,0
BRDA:104,45,1,0
BRDA:104,45,2,0
BRDA:105,46,0,0
BRDA:105,46,1,0
BRDA:110,47,0,0
BRDA:110,47,1,0
BRDA:110,48,0,0
BRDA:110,48,1,0
BRDA:110,48,2,0
BRDA:111,49,0,0
BRDA:111,49,1,0
BRDA:116,50,0,0
BRDA:116,50,1,0
BRDA:116,51,0,0
BRDA:116,51,1,0
BRDA:116,51,2,0
BRDA:117,52,0,0
BRDA:117,52,1,0
BRDA:124,53,0,2
BRDA:124,53,1,262
BRDA:124,54,0,264
BRDA:124,54,1,264
BRDA:124,54,2,2
BRDA:125,55,0,1
BRDA:125,55,1,1
BRDA:130,56,0,2
BRDA:130,56,1,262
BRDA:130,57,0,264
BRDA:130,57,1,264
BRDA:130,57,2,2
BRDA:131,58,0,1
BRDA:131,58,1,1
BRDA:136,59,0,2
BRDA:136,59,1,262
BRDA:136,60,0,264
BRDA:136,60,1,264
BRDA:136,60,2,2
BRDA:137,61,0,1
BRDA:137,61,1,1
BRDA:142,62,0,2
BRDA:142,62,1,262
BRDA:142,63,0,264
BRDA:142,63,1,264
BRDA:142,63,2,2
BRDA:143,64,0,1
BRDA:143,64,1,1
BRDA:148,65,0,2
BRDA:148,65,1,262
BRDA:148,66,0,264
BRDA:148,66,1,264
BRDA:148,66,2,2
BRDA:149,67,0,1
BRDA:149,67,1,1
BRDA:154,68,0,2
BRDA:154,68,1,262
BRDA:154,69,0,264
BRDA:154,69,1,264
BRDA:154,69,2,2
BRDA:155,70,0,1
BRDA:155,70,1,1
BRDA:164,71,0,1
BRDA:164,71,1,289
BRDA:168,72,0,1
BRDA:168,72,1,289
BRDA:172,73,0,1
BRDA:172,73,1,289
BRDA:172,74,0,290
BRDA:172,74,1,1
BRDA:176,75,0,1
BRDA:176,75,1,289
BRDA:176,76,0,290
BRDA:176,76,1,1
BRDA:180,77,0,0
BRDA:180,77,1,290
BRDA:180,78,0,290
BRDA:180,78,1,193
BRDA:184,79,0,1
BRDA:184,79,1,289
BRDA:188,80,0,193
BRDA:188,80,1,97
BRDA:188,81,0,290
BRDA:188,81,1,194
BRDA:192,82,0,1
BRDA:192,82,1,289
BRDA:192,83,0,290
BRDA:192,83,1,194
BRDA:192,83,2,1
BRDA:196,84,0,1
BRDA:196,84,1,289
BRDA:196,85,0,290
BRDA:196,85,1,194
BRDA:196,85,2,1
BRDA:206,86,0,2
BRDA:206,86,1,299
BRDA:206,87,0,301
BRDA:206,87,1,300
BRDA:207,88,0,1
BRDA:207,88,1,1
BRDA:212,89,0,2
BRDA:212,89,1,299
BRDA:212,90,0,301
BRDA:212,90,1,300
BRDA:213,91,0,1
BRDA:213,91,1,1
BRDA:218,92,0,2
BRDA:218,92,1,299
BRDA:218,93,0,301
BRDA:218,93,1,300
BRDA:219,94,0,1
BRDA:219,94,1,1
BRDA:224,95,0,2
BRDA:224,95,1,299
BRDA:224,96,0,301
BRDA:224,96,1,300
BRDA:225,97,0,1
BRDA:225,97,1,1
BRDA:230,98,0,301
BRDA:230,98,1,0
BRDA:232,99,0,2
BRDA:232,99,1,299
BRDA:232,100,0,301
BRDA:232,100,1,300
BRDA:233,101,0,1
BRDA:233,101,1,1
BRDA:238,102,0,2
BRDA:238,102,1,299
BRDA:238,103,0,301
BRDA:238,103,1,300
BRDA:239,104,0,1
BRDA:239,104,1,1
BRDA:244,105,0,2
BRDA:244,105,1,299
BRDA:244,106,0,301
BRDA:244,106,1,300
BRDA:245,107,0,1
BRDA:245,107,1,1
BRDA:250,108,0,2
BRDA:250,108,1,299
BRDA:250,109,0,301
BRDA:250,109,1,300
BRDA:251,110,0,1
BRDA:251,110,1,1
BRDA:261,111,0,384
BRDA:261,111,1,165
BRDA:263,112,0,384
BRDA:263,112,1,0
BRDA:263,113,0,384
BRDA:263,113,1,384
BRDA:269,114,0,0
BRDA:269,114,1,384
BRDA:269,115,0,384
BRDA:269,115,1,384
BRDA:277,116,0,51
BRDA:277,116,1,114
BRDA:277,117,0,165
BRDA:277,117,1,51
BRDA:282,118,0,0
BRDA:282,118,1,165
BRDA:282,119,0,165
BRDA:282,119,1,51
BRDA:292,120,0,768
BRDA:292,120,1,96
BRDA:294,121,0,768
BRDA:294,121,1,0
BRDA:294,122,0,768
BRDA:294,122,1,768
BRDA:298,123,0,0
BRDA:298,123,1,768
BRDA:298,124,0,768
BRDA:298,124,1,768
BRDA:308,125,0,96
BRDA:308,125,1,0
BRDA:308,126,0,96
BRDA:308,126,1,96
BRDA:312,127,0,0
BRDA:312,127,1,96
BRDA:312,128,0,96
BRDA:312,128,1,96
BRDA:323,129,0,384
BRDA:323,129,1,201
BRDA:325,130,0,384
BRDA:325,130,1,0
BRDA:325,131,0,384
BRDA:325,131,1,384
BRDA:330,132,0,0
BRDA:330,132,1,384
BRDA:330,133,0,384
BRDA:330,133,1,384
BRDA:337,134,0,0
BRDA:337,134,1,201
BRDA:337,135,0,201
BRDA:337,135,1,201
BRDA:342,136,0,0
BRDA:342,136,1,201
BRDA:342,137,0,201
BRDA:342,137,1,201
BRDA:351,138,0,1
BRDA:351,138,1,1684
BRDA:353,139,0,0
BRDA:353,139,1,1684
BRDA:362,140,0,0
BRDA:362,140,1,0
BRDA:367,141,0,0
BRDA:367,141,1,0
BRDA:367,142,0,0
BRDA:367,142,1,0
BRDA:371,143,0,0
BRDA:371,143,1,0
BRDA:396,144,0,0
BRDA:396,144,1,0
BRDA:398,145,0,0
BRDA:398,145,1,0
BRDA:402,146,0,0
BRDA:402,146,1,0
BRDA:402,147,0,0
BRDA:402,147,1,0
BRDA:416,148,0,4
BRDA:416,148,1,2
BRDA:416,149,0,6
BRDA:416,149,1,4
BRDA:417,150,0,2
BRDA:417,150,1,2
BRDA:435,151,0,18
BRDA:435,151,1,1
BRDA:436,152,0,1
BRDA:436,152,1,0
BRDA:445,153,0,1
BRDA:445,153,1,1
BRDA:446,154,0,1
BRDA:446,154,1,0
BRDA:455,155,0,18
BRDA:455,155,1,4
BRDA:457,156,0,4
BRDA:457,156,1,0
BRDA:460,157,0,3
BRDA:460,157,1,1
BRDA:460,158,0,4
BRDA:460,158,1,3
BRDA:460,158,2,2
BRDA:478,159,0,1
BRDA:478,159,1,4
BRDA:480,160,0,4
BRDA:480,160,1,0
BRDA:483,161,0,3
BRDA:483,161,1,1
BRDA:483,162,0,4
BRDA:483,162,1,3
BRDA:483,162,2,2
BRF:358
BRH:239
end_of_record
TN:
SF:src/utils/customHooks.js
FN:3,(anonymous_0)
FN:11,(anonymous_1)
FN:13,handleResize
FN:28,(anonymous_3)
FN:35,(anonymous_4)
FN:43,(anonymous_5)
FN:45,handleResize
FN:59,(anonymous_7)
FNF:8
FNH:8
FNDA:10,(anonymous_0)
FNDA:4,(anonymous_1)
FNDA:6,handleResize
FNDA:4,(anonymous_3)
FNDA:5,(anonymous_4)
FNDA:2,(anonymous_5)
FNDA:3,handleResize
FNDA:2,(anonymous_7)
DA:3,1
DA:6,10
DA:11,10
DA:15,6
DA:22,4
DA:25,4
DA:28,4
DA:31,10
DA:35,1
DA:38,5
DA:43,5
DA:47,3
DA:53,2
DA:56,2
DA:59,2
DA:62,5
LF:16
LH:16
BRF:0
BRH:0
end_of_record
TN:
SF:src/utils/functions.js
FN:1,(anonymous_0)
FN:4,(anonymous_1)
FN:14,(anonymous_2)
FN:19,(anonymous_3)
FN:24,(anonymous_4)
FN:26,(anonymous_5)
FN:29,(anonymous_6)
FN:33,(anonymous_7)
FN:35,(anonymous_8)
FN:37,(anonymous_9)
FN:41,naiveCopy
FN:52,(anonymous_11)
FN:56,(anonymous_12)
FN:59,(anonymous_13)
FNF:14
FNH:12
FNDA:3,(anonymous_0)
FNDA:0,(anonymous_1)
FNDA:2,(anonymous_2)
FNDA:2,(anonymous_3)
FNDA:1684,(anonymous_4)
FNDA:0,(anonymous_5)
FNDA:63,(anonymous_6)
FNDA:34,(anonymous_7)
FNDA:1,(anonymous_8)
FNDA:1,(anonymous_9)
FNDA:1,naiveCopy
FNDA:58,(anonymous_11)
FNDA:56,(anonymous_12)
FNDA:2,(anonymous_13)
DA:1,15
DA:2,3
DA:3,2
DA:4,2
DA:6,2
DA:7,2
DA:14,15
DA:15,2
DA:16,1
DA:19,15
DA:20,2
DA:21,1
DA:24,1684
DA:26,15
DA:27,0
DA:29,15
DA:30,63
DA:33,34
DA:35,15
DA:37,15
DA:38,1
DA:42,1
DA:45,1
DA:46,3
DA:48,1
DA:52,15
DA:53,58
DA:56,15
DA:57,56
DA:59,15
DA:60,2
LF:31
LH:30
BRDA:2,0,0,1
BRDA:2,0,1,2
BRDA:7,1,0,1
BRDA:7,1,1,1
BRDA:15,2,0,1
BRDA:15,2,1,1
BRDA:20,3,0,1
BRDA:20,3,1,1
BRDA:27,4,0,0
BRDA:27,4,1,0
BRDA:27,4,2,0
BRF:11
BRH:8
end_of_record
TN:
SF:src/utils/gettersCommonElement.js
FN:6,(anonymous_0)
FN:8,(anonymous_1)
FN:25,(anonymous_2)
FNF:3
FNH:3
FNDA:4,(anonymous_0)
FNDA:4,(anonymous_1)
FNDA:49,(anonymous_2)
DA:6,5
DA:7,4
DA:8,4
DA:9,4
DA:10,4
DA:11,1
DA:13,3
DA:25,5
DA:26,49
DA:27,49
DA:29,49
DA:30,49
DA:31,1
DA:35,48
DA:36,42
DA:44,6
DA:45,5
DA:54,1
LF:18
LH:18
BRDA:9,0,0,3
BRDA:9,0,1,1
BRDA:10,1,0,1
BRDA:10,1,1,3
BRDA:17,2,0,0
BRDA:17,2,1,3
BRDA:29,3,0,49
BRDA:29,3,1,0
BRDA:29,4,0,49
BRDA:29,4,1,49
BRDA:30,5,0,1
BRDA:30,5,1,48
BRDA:35,6,0,42
BRDA:35,6,1,6
BRDA:44,7,0,5
BRDA:44,7,1,1
BRDA:44,8,0,6
BRDA:44,8,1,2
BRF:18
BRH:16
end_of_record
TN:
SF:src/utils/gettersProperties.js
FN:3,(anonymous_0)
FN:11,(anonymous_1)
FN:22,(anonymous_2)
FN:32,(anonymous_3)
FN:40,(anonymous_4)
FN:50,(anonymous_5)
FNF:6
FNH:6
FNDA:8,(anonymous_0)
FNDA:17,(anonymous_1)
FNDA:28,(anonymous_2)
FNDA:13,(anonymous_3)
FNDA:32,(anonymous_4)
FNDA:38,(anonymous_5)
DA:3,12
DA:4,8
DA:11,12
DA:12,17
DA:22,12
DA:23,28
DA:32,12
DA:33,13
DA:40,12
DA:41,32
DA:50,12
DA:51,38
LF:12
LH:12
BRDA:5,0,0,8
BRDA:5,0,1,0
BRDA:6,1,0,8
BRDA:6,1,1,0
BRDA:6,2,0,8
BRDA:6,2,1,8
BRDA:7,3,0,0
BRDA:7,3,1,8
BRDA:7,4,0,8
BRDA:7,4,1,8
BRDA:7,4,2,8
BRDA:13,5,0,17
BRDA:13,5,1,0
BRDA:15,6,0,17
BRDA:15,6,1,0
BRDA:16,7,0,17
BRDA:16,7,1,0
BRDA:16,8,0,17
BRDA:16,8,1,17
BRDA:17,9,0,17
BRDA:17,9,1,0
BRDA:17,10,0,17
BRDA:17,10,1,17
BRDA:17,10,2,17
BRDA:24,11,0,28
BRDA:24,11,1,0
BRDA:25,12,0,16
BRDA:25,12,1,12
BRDA:25,13,0,28
BRDA:25,13,1,28
BRDA:25,13,2,28
BRDA:26,14,0,16
BRDA:26,14,1,12
BRDA:26,15,0,28
BRDA:26,15,1,28
BRDA:26,15,2,28
BRDA:27,16,0,12
BRDA:27,16,1,16
BRDA:27,17,0,28
BRDA:27,17,1,28
BRDA:27,17,2,28
BRDA:28,18,0,12
BRDA:28,18,1,16
BRDA:28,19,0,28
BRDA:28,19,1,28
BRDA:28,19,2,28
BRDA:35,20,0,13
BRDA:35,20,1,13
BRDA:35,20,2,13
BRDA:36,21,0,13
BRDA:36,21,1,13
BRDA:36,21,2,13
BRF:52
BRH:44
end_of_record
